{"C:\\Users\\INU\\BACKEND\\app.js": {"path":"C:\\Users\\INU\\BACKEND\\app.js","statementMap":{"0":{"start":{"line":1,"column":0},"end":{"line":3,"column":1}},"1":{"start":{"line":2,"column":4},"end":{"line":2,"column":31}},"2":{"start":{"line":5,"column":16},"end":{"line":5,"column":34}},"3":{"start":{"line":6,"column":12},"end":{"line":6,"column":21}},"4":{"start":{"line":7,"column":13},"end":{"line":7,"column":37}},"5":{"start":{"line":8,"column":15},"end":{"line":8,"column":34}},"6":{"start":{"line":9,"column":13},"end":{"line":9,"column":28}},"7":{"start":{"line":10,"column":21},"end":{"line":10,"column":58}},"8":{"start":{"line":12,"column":0},"end":{"line":12,"column":16}},"9":{"start":{"line":13,"column":0},"end":{"line":13,"column":49}},"10":{"start":{"line":14,"column":0},"end":{"line":14,"column":24}},"11":{"start":{"line":16,"column":0},"end":{"line":16,"column":16}},"12":{"start":{"line":17,"column":0},"end":{"line":17,"column":22}},"13":{"start":{"line":19,"column":0},"end":{"line":19,"column":20}}},"fnMap":{},"branchMap":{"0":{"loc":{"start":{"line":1,"column":0},"end":{"line":3,"column":1}},"type":"if","locations":[{"start":{"line":1,"column":0},"end":{"line":3,"column":1}},{"start":{},"end":{}}],"line":1},"1":{"loc":{"start":{"line":7,"column":13},"end":{"line":7,"column":37}},"type":"binary-expr","locations":[{"start":{"line":7,"column":13},"end":{"line":7,"column":29}},{"start":{"line":7,"column":33},"end":{"line":7,"column":37}}],"line":7}},"s":{"0":3,"1":3,"2":3,"3":3,"4":3,"5":3,"6":3,"7":3,"8":3,"9":3,"10":3,"11":3,"12":3,"13":3},"f":{},"b":{"0":[3,0],"1":[3,3]},"_coverageSchema":"1a1c01bbd47fc00a2c39e90264f33305004495a9","hash":"db7f11f653276685cd16fb92883cecc3f96f47d4"}
,"C:\\Users\\INU\\BACKEND\\controllers\\controllerAdmin.js": {"path":"C:\\Users\\INU\\BACKEND\\controllers\\controllerAdmin.js","statementMap":{"0":{"start":{"line":1,"column":15},"end":{"line":1,"column":35}},"1":{"start":{"line":5,"column":8},"end":{"line":24,"column":9}},"2":{"start":{"line":6,"column":12},"end":{"line":6,"column":34}},"3":{"start":{"line":7,"column":109},"end":{"line":7,"column":117}},"4":{"start":{"line":9,"column":25},"end":{"line":19,"column":14}},"5":{"start":{"line":20,"column":12},"end":{"line":20,"column":40}},"6":{"start":{"line":22,"column":12},"end":{"line":22,"column":31}},"7":{"start":{"line":23,"column":12},"end":{"line":23,"column":23}},"8":{"start":{"line":30,"column":0},"end":{"line":30,"column":32}}},"fnMap":{"0":{"name":"(anonymous_0)","decl":{"start":{"line":4,"column":4},"end":{"line":4,"column":5}},"loc":{"start":{"line":4,"column":46},"end":{"line":25,"column":5}},"line":4}},"branchMap":{},"s":{"0":3,"1":2,"2":2,"3":2,"4":2,"5":1,"6":1,"7":1,"8":3},"f":{"0":2},"b":{},"_coverageSchema":"1a1c01bbd47fc00a2c39e90264f33305004495a9","hash":"014fe74eabf244f8085e0fc6684d6730fb1b26e4"}
,"C:\\Users\\INU\\BACKEND\\controllers\\controllerEvent.js": {"path":"C:\\Users\\INU\\BACKEND\\controllers\\controllerEvent.js","statementMap":{"0":{"start":{"line":1,"column":32},"end":{"line":1,"column":52}},"1":{"start":{"line":2,"column":33},"end":{"line":2,"column":59}},"2":{"start":{"line":5,"column":4},"end":{"line":17,"column":5}},"3":{"start":{"line":6,"column":20},"end":{"line":10,"column":7}},"4":{"start":{"line":12,"column":21},"end":{"line":12,"column":48}},"5":{"start":{"line":14,"column":6},"end":{"line":14,"column":35}},"6":{"start":{"line":16,"column":6},"end":{"line":16,"column":18}},"7":{"start":{"line":21,"column":4},"end":{"line":34,"column":5}},"8":{"start":{"line":22,"column":20},"end":{"line":27,"column":7}},"9":{"start":{"line":29,"column":21},"end":{"line":29,"column":48}},"10":{"start":{"line":31,"column":6},"end":{"line":31,"column":35}},"11":{"start":{"line":33,"column":6},"end":{"line":33,"column":18}},"12":{"start":{"line":38,"column":4},"end":{"line":49,"column":5}},"13":{"start":{"line":39,"column":28},"end":{"line":44,"column":8}},"14":{"start":{"line":46,"column":6},"end":{"line":46,"column":42}},"15":{"start":{"line":48,"column":6},"end":{"line":48,"column":18}},"16":{"start":{"line":53,"column":4},"end":{"line":69,"column":5}},"17":{"start":{"line":54,"column":21},"end":{"line":54,"column":31}},"18":{"start":{"line":56,"column":20},"end":{"line":63,"column":8}},"19":{"start":{"line":64,"column":6},"end":{"line":64,"column":51}},"20":{"start":{"line":64,"column":18},"end":{"line":64,"column":51}},"21":{"start":{"line":66,"column":6},"end":{"line":66,"column":34}},"22":{"start":{"line":68,"column":6},"end":{"line":68,"column":18}},"23":{"start":{"line":73,"column":4},"end":{"line":96,"column":5}},"24":{"start":{"line":74,"column":59},"end":{"line":74,"column":67}},"25":{"start":{"line":75,"column":6},"end":{"line":77,"column":7}},"26":{"start":{"line":76,"column":8},"end":{"line":76,"column":35}},"27":{"start":{"line":79,"column":23},"end":{"line":87,"column":8}},"28":{"start":{"line":90,"column":6},"end":{"line":90,"column":43}},"29":{"start":{"line":92,"column":6},"end":{"line":92,"column":37}},"30":{"start":{"line":94,"column":6},"end":{"line":94,"column":25}},"31":{"start":{"line":95,"column":6},"end":{"line":95,"column":18}},"32":{"start":{"line":101,"column":4},"end":{"line":121,"column":5}},"33":{"start":{"line":102,"column":21},"end":{"line":102,"column":31}},"34":{"start":{"line":103,"column":59},"end":{"line":103,"column":67}},"35":{"start":{"line":105,"column":6},"end":{"line":106,"column":35}},"36":{"start":{"line":106,"column":8},"end":{"line":106,"column":35}},"37":{"start":{"line":108,"column":20},"end":{"line":108,"column":43}},"38":{"start":{"line":109,"column":6},"end":{"line":109,"column":51}},"39":{"start":{"line":109,"column":18},"end":{"line":109,"column":51}},"40":{"start":{"line":111,"column":6},"end":{"line":114,"column":8}},"41":{"start":{"line":116,"column":22},"end":{"line":116,"column":65}},"42":{"start":{"line":118,"column":6},"end":{"line":118,"column":40}},"43":{"start":{"line":120,"column":6},"end":{"line":120,"column":18}},"44":{"start":{"line":125,"column":4},"end":{"line":142,"column":5}},"45":{"start":{"line":126,"column":21},"end":{"line":126,"column":31}},"46":{"start":{"line":128,"column":27},"end":{"line":128,"column":50}},"47":{"start":{"line":129,"column":6},"end":{"line":129,"column":58}},"48":{"start":{"line":129,"column":25},"end":{"line":129,"column":58}},"49":{"start":{"line":131,"column":6},"end":{"line":131,"column":80}},"50":{"start":{"line":131,"column":49},"end":{"line":131,"column":80}},"51":{"start":{"line":133,"column":6},"end":{"line":135,"column":9}},"52":{"start":{"line":137,"column":20},"end":{"line":137,"column":62}},"53":{"start":{"line":139,"column":6},"end":{"line":139,"column":40}},"54":{"start":{"line":141,"column":6},"end":{"line":141,"column":18}},"55":{"start":{"line":146,"column":0},"end":{"line":146,"column":33}}},"fnMap":{"0":{"name":"(anonymous_0)","decl":{"start":{"line":4,"column":2},"end":{"line":4,"column":3}},"loc":{"start":{"line":4,"column":44},"end":{"line":18,"column":3}},"line":4},"1":{"name":"(anonymous_1)","decl":{"start":{"line":20,"column":2},"end":{"line":20,"column":3}},"loc":{"start":{"line":20,"column":44},"end":{"line":35,"column":3}},"line":20},"2":{"name":"(anonymous_2)","decl":{"start":{"line":37,"column":2},"end":{"line":37,"column":3}},"loc":{"start":{"line":37,"column":52},"end":{"line":50,"column":3}},"line":37},"3":{"name":"(anonymous_3)","decl":{"start":{"line":52,"column":2},"end":{"line":52,"column":3}},"loc":{"start":{"line":52,"column":43},"end":{"line":70,"column":3}},"line":52},"4":{"name":"(anonymous_4)","decl":{"start":{"line":72,"column":2},"end":{"line":72,"column":3}},"loc":{"start":{"line":72,"column":43},"end":{"line":97,"column":3}},"line":72},"5":{"name":"(anonymous_5)","decl":{"start":{"line":99,"column":2},"end":{"line":99,"column":3}},"loc":{"start":{"line":99,"column":43},"end":{"line":122,"column":3}},"line":99},"6":{"name":"(anonymous_6)","decl":{"start":{"line":124,"column":2},"end":{"line":124,"column":3}},"loc":{"start":{"line":124,"column":43},"end":{"line":143,"column":3}},"line":124}},"branchMap":{"0":{"loc":{"start":{"line":64,"column":6},"end":{"line":64,"column":51}},"type":"if","locations":[{"start":{"line":64,"column":6},"end":{"line":64,"column":51}},{"start":{},"end":{}}],"line":64},"1":{"loc":{"start":{"line":75,"column":6},"end":{"line":77,"column":7}},"type":"if","locations":[{"start":{"line":75,"column":6},"end":{"line":77,"column":7}},{"start":{},"end":{}}],"line":75},"2":{"loc":{"start":{"line":75,"column":10},"end":{"line":75,"column":63}},"type":"binary-expr","locations":[{"start":{"line":75,"column":10},"end":{"line":75,"column":15}},{"start":{"line":75,"column":19},"end":{"line":75,"column":29}},{"start":{"line":75,"column":33},"end":{"line":75,"column":42}},{"start":{"line":75,"column":46},"end":{"line":75,"column":53}},{"start":{"line":75,"column":57},"end":{"line":75,"column":63}}],"line":75},"3":{"loc":{"start":{"line":105,"column":6},"end":{"line":106,"column":35}},"type":"if","locations":[{"start":{"line":105,"column":6},"end":{"line":106,"column":35}},{"start":{},"end":{}}],"line":105},"4":{"loc":{"start":{"line":105,"column":10},"end":{"line":105,"column":63}},"type":"binary-expr","locations":[{"start":{"line":105,"column":10},"end":{"line":105,"column":15}},{"start":{"line":105,"column":19},"end":{"line":105,"column":29}},{"start":{"line":105,"column":33},"end":{"line":105,"column":42}},{"start":{"line":105,"column":46},"end":{"line":105,"column":53}},{"start":{"line":105,"column":57},"end":{"line":105,"column":63}}],"line":105},"5":{"loc":{"start":{"line":109,"column":6},"end":{"line":109,"column":51}},"type":"if","locations":[{"start":{"line":109,"column":6},"end":{"line":109,"column":51}},{"start":{},"end":{}}],"line":109},"6":{"loc":{"start":{"line":129,"column":6},"end":{"line":129,"column":58}},"type":"if","locations":[{"start":{"line":129,"column":6},"end":{"line":129,"column":58}},{"start":{},"end":{}}],"line":129},"7":{"loc":{"start":{"line":131,"column":6},"end":{"line":131,"column":80}},"type":"if","locations":[{"start":{"line":131,"column":6},"end":{"line":131,"column":80}},{"start":{},"end":{}}],"line":131}},"s":{"0":3,"1":3,"2":0,"3":0,"4":0,"5":0,"6":0,"7":0,"8":0,"9":0,"10":0,"11":0,"12":0,"13":0,"14":0,"15":0,"16":0,"17":0,"18":0,"19":0,"20":0,"21":0,"22":0,"23":0,"24":0,"25":0,"26":0,"27":0,"28":0,"29":0,"30":0,"31":0,"32":0,"33":0,"34":0,"35":0,"36":0,"37":0,"38":0,"39":0,"40":0,"41":0,"42":0,"43":0,"44":0,"45":0,"46":0,"47":0,"48":0,"49":0,"50":0,"51":0,"52":0,"53":0,"54":0,"55":3},"f":{"0":0,"1":0,"2":0,"3":0,"4":0,"5":0,"6":0},"b":{"0":[0,0],"1":[0,0],"2":[0,0,0,0,0],"3":[0,0],"4":[0,0,0,0,0],"5":[0,0],"6":[0,0],"7":[0,0]},"_coverageSchema":"1a1c01bbd47fc00a2c39e90264f33305004495a9","hash":"ef1a2690b81b4434d5267cec27521c1872e76901"}
,"C:\\Users\\INU\\BACKEND\\controllers\\controllerPayment.js": {"path":"C:\\Users\\INU\\BACKEND\\controllers\\controllerPayment.js","statementMap":{"0":{"start":{"line":1,"column":37},"end":{"line":1,"column":57}},"1":{"start":{"line":2,"column":17},"end":{"line":2,"column":43}},"2":{"start":{"line":5,"column":4},"end":{"line":11,"column":5}},"3":{"start":{"line":6,"column":27},"end":{"line":6,"column":50}},"4":{"start":{"line":8,"column":6},"end":{"line":8,"column":41}},"5":{"start":{"line":10,"column":6},"end":{"line":10,"column":18}},"6":{"start":{"line":15,"column":4},"end":{"line":25,"column":5}},"7":{"start":{"line":16,"column":27},"end":{"line":20,"column":8}},"8":{"start":{"line":22,"column":6},"end":{"line":22,"column":41}},"9":{"start":{"line":24,"column":6},"end":{"line":24,"column":18}},"10":{"start":{"line":29,"column":4},"end":{"line":67,"column":5}},"11":{"start":{"line":30,"column":25},"end":{"line":30,"column":35}},"12":{"start":{"line":31,"column":26},"end":{"line":31,"column":34}},"13":{"start":{"line":33,"column":24},"end":{"line":33,"column":51}},"14":{"start":{"line":34,"column":6},"end":{"line":34,"column":55}},"15":{"start":{"line":34,"column":22},"end":{"line":34,"column":55}},"16":{"start":{"line":36,"column":25},"end":{"line":40,"column":8}},"17":{"start":{"line":42,"column":6},"end":{"line":47,"column":8}},"18":{"start":{"line":49,"column":22},"end":{"line":60,"column":8}},"19":{"start":{"line":62,"column":22},"end":{"line":62,"column":93}},"20":{"start":{"line":64,"column":6},"end":{"line":64,"column":49}},"21":{"start":{"line":66,"column":6},"end":{"line":66,"column":18}},"22":{"start":{"line":71,"column":0},"end":{"line":71,"column":35}}},"fnMap":{"0":{"name":"(anonymous_0)","decl":{"start":{"line":4,"column":2},"end":{"line":4,"column":3}},"loc":{"start":{"line":4,"column":46},"end":{"line":12,"column":3}},"line":4},"1":{"name":"(anonymous_1)","decl":{"start":{"line":14,"column":2},"end":{"line":14,"column":3}},"loc":{"start":{"line":14,"column":47},"end":{"line":26,"column":3}},"line":14},"2":{"name":"(anonymous_2)","decl":{"start":{"line":28,"column":2},"end":{"line":28,"column":3}},"loc":{"start":{"line":28,"column":45},"end":{"line":68,"column":3}},"line":28}},"branchMap":{"0":{"loc":{"start":{"line":34,"column":6},"end":{"line":34,"column":55}},"type":"if","locations":[{"start":{"line":34,"column":6},"end":{"line":34,"column":55}},{"start":{},"end":{}}],"line":34}},"s":{"0":3,"1":3,"2":0,"3":0,"4":0,"5":0,"6":0,"7":0,"8":0,"9":0,"10":0,"11":0,"12":0,"13":0,"14":0,"15":0,"16":0,"17":0,"18":0,"19":0,"20":0,"21":0,"22":3},"f":{"0":0,"1":0,"2":0},"b":{"0":[0,0]},"_coverageSchema":"1a1c01bbd47fc00a2c39e90264f33305004495a9","hash":"69d55f707b9f580bd40f068ff14a160414f1e6bd"}
,"C:\\Users\\INU\\BACKEND\\controllers\\controllerRt.js": {"path":"C:\\Users\\INU\\BACKEND\\controllers\\controllerRt.js","statementMap":{"0":{"start":{"line":9,"column":4},"end":{"line":9,"column":24}},"1":{"start":{"line":10,"column":28},"end":{"line":10,"column":56}},"2":{"start":{"line":11,"column":24},"end":{"line":11,"column":49}},"3":{"start":{"line":12,"column":15},"end":{"line":12,"column":35}},"4":{"start":{"line":16,"column":4},"end":{"line":51,"column":5}},"5":{"start":{"line":17,"column":32},"end":{"line":17,"column":40}},"6":{"start":{"line":18,"column":6},"end":{"line":18,"column":51}},"7":{"start":{"line":18,"column":18},"end":{"line":18,"column":51}},"8":{"start":{"line":19,"column":6},"end":{"line":19,"column":57}},"9":{"start":{"line":19,"column":21},"end":{"line":19,"column":57}},"10":{"start":{"line":21,"column":23},"end":{"line":25,"column":8}},"11":{"start":{"line":27,"column":6},"end":{"line":27,"column":62}},"12":{"start":{"line":27,"column":21},"end":{"line":27,"column":62}},"13":{"start":{"line":28,"column":6},"end":{"line":28,"column":75}},"14":{"start":{"line":28,"column":41},"end":{"line":28,"column":75}},"15":{"start":{"line":29,"column":32},"end":{"line":29,"column":76}},"16":{"start":{"line":31,"column":6},"end":{"line":31,"column":71}},"17":{"start":{"line":31,"column":30},"end":{"line":31,"column":71}},"18":{"start":{"line":32,"column":22},"end":{"line":34,"column":7}},"19":{"start":{"line":36,"column":6},"end":{"line":36,"column":68}},"20":{"start":{"line":36,"column":37},"end":{"line":36,"column":68}},"21":{"start":{"line":38,"column":27},"end":{"line":38,"column":47}},"22":{"start":{"line":41,"column":23},"end":{"line":45,"column":7}},"23":{"start":{"line":47,"column":6},"end":{"line":47,"column":37}},"24":{"start":{"line":49,"column":6},"end":{"line":49,"column":25}},"25":{"start":{"line":50,"column":6},"end":{"line":50,"column":18}},"26":{"start":{"line":55,"column":4},"end":{"line":65,"column":5}},"27":{"start":{"line":56,"column":18},"end":{"line":60,"column":8}},"28":{"start":{"line":61,"column":6},"end":{"line":61,"column":32}},"29":{"start":{"line":63,"column":6},"end":{"line":63,"column":25}},"30":{"start":{"line":64,"column":6},"end":{"line":64,"column":18}},"31":{"start":{"line":70,"column":4},"end":{"line":98,"column":5}},"32":{"start":{"line":72,"column":66},"end":{"line":72,"column":74}},"33":{"start":{"line":74,"column":17},"end":{"line":74,"column":66}},"34":{"start":{"line":77,"column":6},"end":{"line":80,"column":7}},"35":{"start":{"line":79,"column":8},"end":{"line":79,"column":39}},"36":{"start":{"line":82,"column":20},"end":{"line":91,"column":8}},"37":{"start":{"line":93,"column":54},"end":{"line":93,"column":72}},"38":{"start":{"line":94,"column":6},"end":{"line":94,"column":48}},"39":{"start":{"line":96,"column":6},"end":{"line":96,"column":25}},"40":{"start":{"line":97,"column":6},"end":{"line":97,"column":18}},"41":{"start":{"line":103,"column":4},"end":{"line":123,"column":5}},"42":{"start":{"line":105,"column":66},"end":{"line":105,"column":74}},"43":{"start":{"line":107,"column":20},"end":{"line":116,"column":8}},"44":{"start":{"line":118,"column":54},"end":{"line":118,"column":72}},"45":{"start":{"line":119,"column":6},"end":{"line":119,"column":48}},"46":{"start":{"line":121,"column":6},"end":{"line":121,"column":25}},"47":{"start":{"line":122,"column":6},"end":{"line":122,"column":18}},"48":{"start":{"line":159,"column":4},"end":{"line":175,"column":5}},"49":{"start":{"line":160,"column":21},"end":{"line":160,"column":32}},"50":{"start":{"line":161,"column":19},"end":{"line":163,"column":8}},"51":{"start":{"line":164,"column":6},"end":{"line":166,"column":7}},"52":{"start":{"line":165,"column":8},"end":{"line":165,"column":39}},"53":{"start":{"line":167,"column":19},"end":{"line":167,"column":29}},"54":{"start":{"line":168,"column":26},"end":{"line":170,"column":8}},"55":{"start":{"line":171,"column":6},"end":{"line":171,"column":40}},"56":{"start":{"line":173,"column":6},"end":{"line":173,"column":25}},"57":{"start":{"line":174,"column":6},"end":{"line":174,"column":18}},"58":{"start":{"line":179,"column":4},"end":{"line":195,"column":5}},"59":{"start":{"line":180,"column":21},"end":{"line":180,"column":31}},"60":{"start":{"line":181,"column":25},"end":{"line":181,"column":54}},"61":{"start":{"line":183,"column":6},"end":{"line":185,"column":7}},"62":{"start":{"line":184,"column":8},"end":{"line":184,"column":39}},"63":{"start":{"line":187,"column":6},"end":{"line":187,"column":50}},"64":{"start":{"line":189,"column":6},"end":{"line":191,"column":9}},"65":{"start":{"line":193,"column":6},"end":{"line":193,"column":25}},"66":{"start":{"line":194,"column":6},"end":{"line":194,"column":18}},"67":{"start":{"line":199,"column":4},"end":{"line":239,"column":5}},"68":{"start":{"line":201,"column":21},"end":{"line":201,"column":32}},"69":{"start":{"line":203,"column":19},"end":{"line":203,"column":46}},"70":{"start":{"line":205,"column":6},"end":{"line":207,"column":7}},"71":{"start":{"line":206,"column":8},"end":{"line":206,"column":39}},"72":{"start":{"line":209,"column":19},"end":{"line":209,"column":29}},"73":{"start":{"line":210,"column":17},"end":{"line":233,"column":8}},"74":{"start":{"line":235,"column":6},"end":{"line":235,"column":31}},"75":{"start":{"line":237,"column":6},"end":{"line":237,"column":25}},"76":{"start":{"line":238,"column":6},"end":{"line":238,"column":18}},"77":{"start":{"line":243,"column":4},"end":{"line":291,"column":5}},"78":{"start":{"line":262,"column":10},"end":{"line":262,"column":18}},"79":{"start":{"line":264,"column":22},"end":{"line":285,"column":8}},"80":{"start":{"line":287,"column":6},"end":{"line":287,"column":36}},"81":{"start":{"line":289,"column":6},"end":{"line":289,"column":25}},"82":{"start":{"line":290,"column":6},"end":{"line":290,"column":18}},"83":{"start":{"line":295,"column":4},"end":{"line":311,"column":5}},"84":{"start":{"line":296,"column":21},"end":{"line":296,"column":31}},"85":{"start":{"line":297,"column":19},"end":{"line":297,"column":42}},"86":{"start":{"line":299,"column":6},"end":{"line":301,"column":7}},"87":{"start":{"line":300,"column":8},"end":{"line":300,"column":39}},"88":{"start":{"line":303,"column":6},"end":{"line":303,"column":44}},"89":{"start":{"line":305,"column":6},"end":{"line":307,"column":9}},"90":{"start":{"line":309,"column":6},"end":{"line":309,"column":25}},"91":{"start":{"line":310,"column":6},"end":{"line":310,"column":18}},"92":{"start":{"line":315,"column":4},"end":{"line":342,"column":5}},"93":{"start":{"line":316,"column":39},"end":{"line":316,"column":49}},"94":{"start":{"line":317,"column":30},"end":{"line":317,"column":39}},"95":{"start":{"line":319,"column":19},"end":{"line":319,"column":46}},"96":{"start":{"line":320,"column":6},"end":{"line":320,"column":53}},"97":{"start":{"line":320,"column":17},"end":{"line":320,"column":53}},"98":{"start":{"line":322,"column":6},"end":{"line":325,"column":7}},"99":{"start":{"line":323,"column":8},"end":{"line":323,"column":34}},"100":{"start":{"line":324,"column":8},"end":{"line":324,"column":26}},"101":{"start":{"line":327,"column":22},"end":{"line":327,"column":61}},"102":{"start":{"line":328,"column":6},"end":{"line":328,"column":59}},"103":{"start":{"line":328,"column":20},"end":{"line":328,"column":59}},"104":{"start":{"line":330,"column":6},"end":{"line":335,"column":8}},"105":{"start":{"line":337,"column":20},"end":{"line":337,"column":67}},"106":{"start":{"line":339,"column":6},"end":{"line":339,"column":40}},"107":{"start":{"line":341,"column":6},"end":{"line":341,"column":18}},"108":{"start":{"line":346,"column":4},"end":{"line":402,"column":5}},"109":{"start":{"line":347,"column":21},"end":{"line":347,"column":31}},"110":{"start":{"line":365,"column":10},"end":{"line":365,"column":18}},"111":{"start":{"line":366,"column":19},"end":{"line":366,"column":42}},"112":{"start":{"line":367,"column":6},"end":{"line":371,"column":7}},"113":{"start":{"line":368,"column":8},"end":{"line":370,"column":10}},"114":{"start":{"line":374,"column":6},"end":{"line":394,"column":8}},"115":{"start":{"line":396,"column":6},"end":{"line":398,"column":9}},"116":{"start":{"line":400,"column":6},"end":{"line":400,"column":25}},"117":{"start":{"line":401,"column":6},"end":{"line":401,"column":18}},"118":{"start":{"line":406,"column":0},"end":{"line":406,"column":30}}},"fnMap":{"0":{"name":"(anonymous_0)","decl":{"start":{"line":15,"column":2},"end":{"line":15,"column":3}},"loc":{"start":{"line":15,"column":39},"end":{"line":52,"column":3}},"line":15},"1":{"name":"(anonymous_1)","decl":{"start":{"line":54,"column":2},"end":{"line":54,"column":3}},"loc":{"start":{"line":54,"column":40},"end":{"line":66,"column":3}},"line":54},"2":{"name":"(anonymous_2)","decl":{"start":{"line":68,"column":2},"end":{"line":68,"column":3}},"loc":{"start":{"line":68,"column":42},"end":{"line":99,"column":3}},"line":68},"3":{"name":"(anonymous_3)","decl":{"start":{"line":101,"column":2},"end":{"line":101,"column":3}},"loc":{"start":{"line":101,"column":51},"end":{"line":124,"column":3}},"line":101},"4":{"name":"(anonymous_4)","decl":{"start":{"line":157,"column":2},"end":{"line":157,"column":3}},"loc":{"start":{"line":157,"column":50},"end":{"line":176,"column":3}},"line":157},"5":{"name":"(anonymous_5)","decl":{"start":{"line":178,"column":2},"end":{"line":178,"column":3}},"loc":{"start":{"line":178,"column":47},"end":{"line":196,"column":3}},"line":178},"6":{"name":"(anonymous_6)","decl":{"start":{"line":198,"column":2},"end":{"line":198,"column":3}},"loc":{"start":{"line":198,"column":44},"end":{"line":240,"column":3}},"line":198},"7":{"name":"(anonymous_7)","decl":{"start":{"line":242,"column":2},"end":{"line":242,"column":3}},"loc":{"start":{"line":242,"column":43},"end":{"line":292,"column":3}},"line":242},"8":{"name":"(anonymous_8)","decl":{"start":{"line":294,"column":2},"end":{"line":294,"column":3}},"loc":{"start":{"line":294,"column":43},"end":{"line":312,"column":3}},"line":294},"9":{"name":"(anonymous_9)","decl":{"start":{"line":314,"column":2},"end":{"line":314,"column":3}},"loc":{"start":{"line":314,"column":50},"end":{"line":343,"column":3}},"line":314},"10":{"name":"(anonymous_10)","decl":{"start":{"line":345,"column":2},"end":{"line":345,"column":3}},"loc":{"start":{"line":345,"column":43},"end":{"line":403,"column":3}},"line":345}},"branchMap":{"0":{"loc":{"start":{"line":18,"column":6},"end":{"line":18,"column":51}},"type":"if","locations":[{"start":{"line":18,"column":6},"end":{"line":18,"column":51}},{"start":{},"end":{}}],"line":18},"1":{"loc":{"start":{"line":19,"column":6},"end":{"line":19,"column":57}},"type":"if","locations":[{"start":{"line":19,"column":6},"end":{"line":19,"column":57}},{"start":{},"end":{}}],"line":19},"2":{"loc":{"start":{"line":27,"column":6},"end":{"line":27,"column":62}},"type":"if","locations":[{"start":{"line":27,"column":6},"end":{"line":27,"column":62}},{"start":{},"end":{}}],"line":27},"3":{"loc":{"start":{"line":28,"column":6},"end":{"line":28,"column":75}},"type":"if","locations":[{"start":{"line":28,"column":6},"end":{"line":28,"column":75}},{"start":{},"end":{}}],"line":28},"4":{"loc":{"start":{"line":31,"column":6},"end":{"line":31,"column":71}},"type":"if","locations":[{"start":{"line":31,"column":6},"end":{"line":31,"column":71}},{"start":{},"end":{}}],"line":31},"5":{"loc":{"start":{"line":36,"column":6},"end":{"line":36,"column":68}},"type":"if","locations":[{"start":{"line":36,"column":6},"end":{"line":36,"column":68}},{"start":{},"end":{}}],"line":36},"6":{"loc":{"start":{"line":77,"column":6},"end":{"line":80,"column":7}},"type":"if","locations":[{"start":{"line":77,"column":6},"end":{"line":80,"column":7}},{"start":{},"end":{}}],"line":77},"7":{"loc":{"start":{"line":164,"column":6},"end":{"line":166,"column":7}},"type":"if","locations":[{"start":{"line":164,"column":6},"end":{"line":166,"column":7}},{"start":{},"end":{}}],"line":164},"8":{"loc":{"start":{"line":183,"column":6},"end":{"line":185,"column":7}},"type":"if","locations":[{"start":{"line":183,"column":6},"end":{"line":185,"column":7}},{"start":{},"end":{}}],"line":183},"9":{"loc":{"start":{"line":205,"column":6},"end":{"line":207,"column":7}},"type":"if","locations":[{"start":{"line":205,"column":6},"end":{"line":207,"column":7}},{"start":{},"end":{}}],"line":205},"10":{"loc":{"start":{"line":299,"column":6},"end":{"line":301,"column":7}},"type":"if","locations":[{"start":{"line":299,"column":6},"end":{"line":301,"column":7}},{"start":{},"end":{}}],"line":299},"11":{"loc":{"start":{"line":320,"column":6},"end":{"line":320,"column":53}},"type":"if","locations":[{"start":{"line":320,"column":6},"end":{"line":320,"column":53}},{"start":{},"end":{}}],"line":320},"12":{"loc":{"start":{"line":322,"column":6},"end":{"line":325,"column":7}},"type":"if","locations":[{"start":{"line":322,"column":6},"end":{"line":325,"column":7}},{"start":{},"end":{}}],"line":322},"13":{"loc":{"start":{"line":328,"column":6},"end":{"line":328,"column":59}},"type":"if","locations":[{"start":{"line":328,"column":6},"end":{"line":328,"column":59}},{"start":{},"end":{}}],"line":328},"14":{"loc":{"start":{"line":367,"column":6},"end":{"line":371,"column":7}},"type":"if","locations":[{"start":{"line":367,"column":6},"end":{"line":371,"column":7}},{"start":{},"end":{}}],"line":367}},"s":{"0":3,"1":3,"2":3,"3":3,"4":33,"5":33,"6":33,"7":1,"8":32,"9":1,"10":31,"11":31,"12":3,"13":28,"14":0,"15":28,"16":28,"17":0,"18":28,"19":28,"20":0,"21":28,"22":28,"23":28,"24":5,"25":5,"26":1,"27":1,"28":1,"29":0,"30":0,"31":2,"32":2,"33":2,"34":2,"35":0,"36":1,"37":1,"38":1,"39":1,"40":1,"41":0,"42":0,"43":0,"44":0,"45":0,"46":0,"47":0,"48":0,"49":0,"50":0,"51":0,"52":0,"53":0,"54":0,"55":0,"56":0,"57":0,"58":0,"59":0,"60":0,"61":0,"62":0,"63":0,"64":0,"65":0,"66":0,"67":0,"68":0,"69":0,"70":0,"71":0,"72":0,"73":0,"74":0,"75":0,"76":0,"77":0,"78":0,"79":0,"80":0,"81":0,"82":0,"83":0,"84":0,"85":0,"86":0,"87":0,"88":0,"89":0,"90":0,"91":0,"92":0,"93":0,"94":0,"95":0,"96":0,"97":0,"98":0,"99":0,"100":0,"101":0,"102":0,"103":0,"104":0,"105":0,"106":0,"107":0,"108":0,"109":0,"110":0,"111":0,"112":0,"113":0,"114":0,"115":0,"116":0,"117":0,"118":3},"f":{"0":33,"1":1,"2":2,"3":0,"4":0,"5":0,"6":0,"7":0,"8":0,"9":0,"10":0},"b":{"0":[1,32],"1":[1,31],"2":[3,28],"3":[0,28],"4":[0,28],"5":[0,28],"6":[0,1],"7":[0,0],"8":[0,0],"9":[0,0],"10":[0,0],"11":[0,0],"12":[0,0],"13":[0,0],"14":[0,0]},"_coverageSchema":"1a1c01bbd47fc00a2c39e90264f33305004495a9","hash":"94ffcfabaa8cc54405482bc08423a2859ff510ee"}
,"C:\\Users\\INU\\BACKEND\\controllers\\controllerService.js": {"path":"C:\\Users\\INU\\BACKEND\\controllers\\controllerService.js","statementMap":{"0":{"start":{"line":1,"column":42},"end":{"line":1,"column":62}},"1":{"start":{"line":5,"column":4},"end":{"line":21,"column":5}},"2":{"start":{"line":6,"column":53},"end":{"line":6,"column":61}},"3":{"start":{"line":8,"column":25},"end":{"line":14,"column":8}},"4":{"start":{"line":16,"column":20},"end":{"line":16,"column":70}},"5":{"start":{"line":18,"column":6},"end":{"line":18,"column":66}},"6":{"start":{"line":20,"column":6},"end":{"line":20,"column":18}},"7":{"start":{"line":25,"column":4},"end":{"line":48,"column":5}},"8":{"start":{"line":26,"column":22},"end":{"line":41,"column":7}},"9":{"start":{"line":43,"column":23},"end":{"line":43,"column":53}},"10":{"start":{"line":45,"column":6},"end":{"line":45,"column":37}},"11":{"start":{"line":47,"column":6},"end":{"line":47,"column":18}},"12":{"start":{"line":52,"column":4},"end":{"line":80,"column":5}},"13":{"start":{"line":53,"column":28},"end":{"line":53,"column":38}},"14":{"start":{"line":55,"column":22},"end":{"line":70,"column":7}},"15":{"start":{"line":72,"column":22},"end":{"line":72,"column":64}},"16":{"start":{"line":73,"column":6},"end":{"line":73,"column":56}},"17":{"start":{"line":73,"column":20},"end":{"line":73,"column":56}},"18":{"start":{"line":75,"column":6},"end":{"line":75,"column":75}},"19":{"start":{"line":75,"column":44},"end":{"line":75,"column":75}},"20":{"start":{"line":77,"column":6},"end":{"line":77,"column":36}},"21":{"start":{"line":79,"column":6},"end":{"line":79,"column":18}},"22":{"start":{"line":84,"column":4},"end":{"line":98,"column":5}},"23":{"start":{"line":85,"column":28},"end":{"line":85,"column":38}},"24":{"start":{"line":86,"column":53},"end":{"line":86,"column":61}},"25":{"start":{"line":88,"column":22},"end":{"line":88,"column":55}},"26":{"start":{"line":89,"column":6},"end":{"line":89,"column":56}},"27":{"start":{"line":89,"column":20},"end":{"line":89,"column":56}},"28":{"start":{"line":91,"column":6},"end":{"line":91,"column":98}},"29":{"start":{"line":93,"column":22},"end":{"line":93,"column":69}},"30":{"start":{"line":95,"column":6},"end":{"line":95,"column":40}},"31":{"start":{"line":97,"column":6},"end":{"line":97,"column":18}},"32":{"start":{"line":102,"column":4},"end":{"line":119,"column":5}},"33":{"start":{"line":103,"column":28},"end":{"line":103,"column":38}},"34":{"start":{"line":105,"column":22},"end":{"line":105,"column":55}},"35":{"start":{"line":106,"column":6},"end":{"line":106,"column":56}},"36":{"start":{"line":106,"column":20},"end":{"line":106,"column":56}},"37":{"start":{"line":108,"column":6},"end":{"line":108,"column":75}},"38":{"start":{"line":108,"column":44},"end":{"line":108,"column":75}},"39":{"start":{"line":110,"column":6},"end":{"line":112,"column":9}},"40":{"start":{"line":114,"column":22},"end":{"line":114,"column":64}},"41":{"start":{"line":116,"column":6},"end":{"line":116,"column":40}},"42":{"start":{"line":118,"column":6},"end":{"line":118,"column":18}},"43":{"start":{"line":123,"column":0},"end":{"line":123,"column":35}}},"fnMap":{"0":{"name":"(anonymous_0)","decl":{"start":{"line":4,"column":2},"end":{"line":4,"column":3}},"loc":{"start":{"line":4,"column":45},"end":{"line":22,"column":3}},"line":4},"1":{"name":"(anonymous_1)","decl":{"start":{"line":24,"column":2},"end":{"line":24,"column":3}},"loc":{"start":{"line":24,"column":46},"end":{"line":49,"column":3}},"line":24},"2":{"name":"(anonymous_2)","decl":{"start":{"line":51,"column":2},"end":{"line":51,"column":3}},"loc":{"start":{"line":51,"column":48},"end":{"line":81,"column":3}},"line":51},"3":{"name":"(anonymous_3)","decl":{"start":{"line":83,"column":2},"end":{"line":83,"column":3}},"loc":{"start":{"line":83,"column":43},"end":{"line":99,"column":3}},"line":83},"4":{"name":"(anonymous_4)","decl":{"start":{"line":101,"column":2},"end":{"line":101,"column":3}},"loc":{"start":{"line":101,"column":45},"end":{"line":120,"column":3}},"line":101}},"branchMap":{"0":{"loc":{"start":{"line":73,"column":6},"end":{"line":73,"column":56}},"type":"if","locations":[{"start":{"line":73,"column":6},"end":{"line":73,"column":56}},{"start":{},"end":{}}],"line":73},"1":{"loc":{"start":{"line":75,"column":6},"end":{"line":75,"column":75}},"type":"if","locations":[{"start":{"line":75,"column":6},"end":{"line":75,"column":75}},{"start":{},"end":{}}],"line":75},"2":{"loc":{"start":{"line":89,"column":6},"end":{"line":89,"column":56}},"type":"if","locations":[{"start":{"line":89,"column":6},"end":{"line":89,"column":56}},{"start":{},"end":{}}],"line":89},"3":{"loc":{"start":{"line":106,"column":6},"end":{"line":106,"column":56}},"type":"if","locations":[{"start":{"line":106,"column":6},"end":{"line":106,"column":56}},{"start":{},"end":{}}],"line":106},"4":{"loc":{"start":{"line":108,"column":6},"end":{"line":108,"column":75}},"type":"if","locations":[{"start":{"line":108,"column":6},"end":{"line":108,"column":75}},{"start":{},"end":{}}],"line":108}},"s":{"0":3,"1":4,"2":4,"3":4,"4":2,"5":2,"6":2,"7":2,"8":2,"9":2,"10":2,"11":0,"12":2,"13":2,"14":2,"15":2,"16":2,"17":1,"18":1,"19":0,"20":1,"21":1,"22":3,"23":3,"24":3,"25":3,"26":3,"27":1,"28":2,"29":1,"30":1,"31":2,"32":2,"33":2,"34":2,"35":2,"36":1,"37":1,"38":0,"39":1,"40":1,"41":1,"42":1,"43":3},"f":{"0":4,"1":2,"2":2,"3":3,"4":2},"b":{"0":[1,1],"1":[0,1],"2":[1,2],"3":[1,1],"4":[0,1]},"_coverageSchema":"1a1c01bbd47fc00a2c39e90264f33305004495a9","hash":"f57688d7f35d275308570d35152c8dffc4a7344a"}
,"C:\\Users\\INU\\BACKEND\\controllers\\controllerSubmission.js": {"path":"C:\\Users\\INU\\BACKEND\\controllers\\controllerSubmission.js","statementMap":{"0":{"start":{"line":1,"column":17},"end":{"line":1,"column":36}},"1":{"start":{"line":2,"column":54},"end":{"line":2,"column":74}},"2":{"start":{"line":3,"column":33},"end":{"line":3,"column":66}},"3":{"start":{"line":4,"column":15},"end":{"line":4,"column":35}},"4":{"start":{"line":9,"column":4},"end":{"line":64,"column":5}},"5":{"start":{"line":10,"column":23},"end":{"line":10,"column":31}},"6":{"start":{"line":11,"column":28},"end":{"line":11,"column":38}},"7":{"start":{"line":12,"column":28},"end":{"line":12,"column":36}},"8":{"start":{"line":14,"column":22},"end":{"line":14,"column":55}},"9":{"start":{"line":15,"column":6},"end":{"line":15,"column":56}},"10":{"start":{"line":15,"column":20},"end":{"line":15,"column":56}},"11":{"start":{"line":17,"column":6},"end":{"line":17,"column":75}},"12":{"start":{"line":17,"column":44},"end":{"line":17,"column":75}},"13":{"start":{"line":19,"column":25},"end":{"line":27,"column":8}},"14":{"start":{"line":29,"column":6},"end":{"line":57,"column":7}},"15":{"start":{"line":30,"column":8},"end":{"line":30,"column":36}},"16":{"start":{"line":31,"column":8},"end":{"line":31,"column":61}},"17":{"start":{"line":33,"column":23},"end":{"line":37,"column":10}},"18":{"start":{"line":39,"column":8},"end":{"line":54,"column":10}},"19":{"start":{"line":45,"column":12},"end":{"line":52,"column":13}},"20":{"start":{"line":45,"column":23},"end":{"line":45,"column":55}},"21":{"start":{"line":47,"column":14},"end":{"line":47,"column":34}},"22":{"start":{"line":48,"column":14},"end":{"line":51,"column":17}},"23":{"start":{"line":56,"column":8},"end":{"line":56,"column":42}},"24":{"start":{"line":59,"column":22},"end":{"line":59,"column":67}},"25":{"start":{"line":61,"column":6},"end":{"line":61,"column":69}},"26":{"start":{"line":63,"column":6},"end":{"line":63,"column":18}},"27":{"start":{"line":68,"column":4},"end":{"line":98,"column":5}},"28":{"start":{"line":69,"column":25},"end":{"line":69,"column":34}},"29":{"start":{"line":71,"column":20},"end":{"line":89,"column":7}},"30":{"start":{"line":91,"column":6},"end":{"line":91,"column":39}},"31":{"start":{"line":93,"column":23},"end":{"line":93,"column":56}},"32":{"start":{"line":95,"column":6},"end":{"line":95,"column":37}},"33":{"start":{"line":97,"column":6},"end":{"line":97,"column":18}},"34":{"start":{"line":102,"column":4},"end":{"line":129,"column":5}},"35":{"start":{"line":103,"column":20},"end":{"line":122,"column":7}},"36":{"start":{"line":124,"column":23},"end":{"line":124,"column":56}},"37":{"start":{"line":126,"column":6},"end":{"line":126,"column":37}},"38":{"start":{"line":128,"column":6},"end":{"line":128,"column":18}},"39":{"start":{"line":133,"column":4},"end":{"line":160,"column":5}},"40":{"start":{"line":134,"column":20},"end":{"line":153,"column":7}},"41":{"start":{"line":155,"column":23},"end":{"line":155,"column":56}},"42":{"start":{"line":157,"column":6},"end":{"line":157,"column":37}},"43":{"start":{"line":159,"column":6},"end":{"line":159,"column":18}},"44":{"start":{"line":164,"column":4},"end":{"line":196,"column":5}},"45":{"start":{"line":165,"column":25},"end":{"line":165,"column":34}},"46":{"start":{"line":167,"column":20},"end":{"line":185,"column":7}},"47":{"start":{"line":187,"column":6},"end":{"line":189,"column":7}},"48":{"start":{"line":188,"column":8},"end":{"line":188,"column":38}},"49":{"start":{"line":191,"column":23},"end":{"line":191,"column":56}},"50":{"start":{"line":193,"column":6},"end":{"line":193,"column":37}},"51":{"start":{"line":195,"column":6},"end":{"line":195,"column":18}},"52":{"start":{"line":200,"column":4},"end":{"line":226,"column":5}},"53":{"start":{"line":201,"column":31},"end":{"line":201,"column":41}},"54":{"start":{"line":203,"column":20},"end":{"line":218,"column":7}},"55":{"start":{"line":220,"column":25},"end":{"line":220,"column":73}},"56":{"start":{"line":221,"column":6},"end":{"line":221,"column":62}},"57":{"start":{"line":221,"column":23},"end":{"line":221,"column":62}},"58":{"start":{"line":223,"column":6},"end":{"line":223,"column":39}},"59":{"start":{"line":225,"column":6},"end":{"line":225,"column":18}},"60":{"start":{"line":230,"column":4},"end":{"line":244,"column":5}},"61":{"start":{"line":231,"column":31},"end":{"line":231,"column":41}},"62":{"start":{"line":232,"column":29},"end":{"line":232,"column":37}},"63":{"start":{"line":234,"column":22},"end":{"line":234,"column":61}},"64":{"start":{"line":235,"column":6},"end":{"line":235,"column":59}},"65":{"start":{"line":235,"column":20},"end":{"line":235,"column":59}},"66":{"start":{"line":237,"column":6},"end":{"line":237,"column":77}},"67":{"start":{"line":239,"column":6},"end":{"line":241,"column":9}},"68":{"start":{"line":243,"column":6},"end":{"line":243,"column":18}},"69":{"start":{"line":248,"column":4},"end":{"line":285,"column":5}},"70":{"start":{"line":249,"column":42},"end":{"line":249,"column":52}},"71":{"start":{"line":250,"column":30},"end":{"line":250,"column":39}},"72":{"start":{"line":252,"column":22},"end":{"line":252,"column":55}},"73":{"start":{"line":253,"column":6},"end":{"line":253,"column":56}},"74":{"start":{"line":253,"column":20},"end":{"line":253,"column":56}},"75":{"start":{"line":255,"column":20},"end":{"line":255,"column":50}},"76":{"start":{"line":256,"column":6},"end":{"line":256,"column":54}},"77":{"start":{"line":256,"column":18},"end":{"line":256,"column":54}},"78":{"start":{"line":258,"column":6},"end":{"line":258,"column":33}},"79":{"start":{"line":260,"column":22},"end":{"line":260,"column":61}},"80":{"start":{"line":261,"column":6},"end":{"line":261,"column":59}},"81":{"start":{"line":261,"column":20},"end":{"line":261,"column":59}},"82":{"start":{"line":263,"column":6},"end":{"line":268,"column":8}},"83":{"start":{"line":270,"column":20},"end":{"line":270,"column":38}},"84":{"start":{"line":272,"column":6},"end":{"line":278,"column":7}},"85":{"start":{"line":273,"column":8},"end":{"line":273,"column":66}},"86":{"start":{"line":274,"column":13},"end":{"line":278,"column":7}},"87":{"start":{"line":275,"column":8},"end":{"line":275,"column":68}},"88":{"start":{"line":276,"column":13},"end":{"line":278,"column":7}},"89":{"start":{"line":277,"column":8},"end":{"line":277,"column":73}},"90":{"start":{"line":282,"column":6},"end":{"line":282,"column":40}},"91":{"start":{"line":284,"column":6},"end":{"line":284,"column":18}},"92":{"start":{"line":289,"column":4},"end":{"line":304,"column":5}},"93":{"start":{"line":290,"column":31},"end":{"line":290,"column":41}},"94":{"start":{"line":292,"column":22},"end":{"line":292,"column":61}},"95":{"start":{"line":293,"column":6},"end":{"line":293,"column":59}},"96":{"start":{"line":293,"column":20},"end":{"line":293,"column":59}},"97":{"start":{"line":295,"column":6},"end":{"line":297,"column":9}},"98":{"start":{"line":299,"column":6},"end":{"line":301,"column":9}},"99":{"start":{"line":303,"column":6},"end":{"line":303,"column":18}},"100":{"start":{"line":308,"column":0},"end":{"line":308,"column":38}}},"fnMap":{"0":{"name":"(anonymous_0)","decl":{"start":{"line":7,"column":2},"end":{"line":7,"column":3}},"loc":{"start":{"line":7,"column":46},"end":{"line":65,"column":3}},"line":7},"1":{"name":"(anonymous_1)","decl":{"start":{"line":44,"column":10},"end":{"line":44,"column":11}},"loc":{"start":{"line":44,"column":41},"end":{"line":53,"column":11}},"line":44},"2":{"name":"(anonymous_2)","decl":{"start":{"line":67,"column":2},"end":{"line":67,"column":3}},"loc":{"start":{"line":67,"column":48},"end":{"line":99,"column":3}},"line":67},"3":{"name":"(anonymous_3)","decl":{"start":{"line":101,"column":2},"end":{"line":101,"column":3}},"loc":{"start":{"line":101,"column":55},"end":{"line":130,"column":3}},"line":101},"4":{"name":"(anonymous_4)","decl":{"start":{"line":132,"column":2},"end":{"line":132,"column":3}},"loc":{"start":{"line":132,"column":53},"end":{"line":161,"column":3}},"line":132},"5":{"name":"(anonymous_5)","decl":{"start":{"line":163,"column":2},"end":{"line":163,"column":3}},"loc":{"start":{"line":163,"column":49},"end":{"line":197,"column":3}},"line":163},"6":{"name":"(anonymous_6)","decl":{"start":{"line":199,"column":2},"end":{"line":199,"column":3}},"loc":{"start":{"line":199,"column":51},"end":{"line":227,"column":3}},"line":199},"7":{"name":"(anonymous_7)","decl":{"start":{"line":229,"column":2},"end":{"line":229,"column":3}},"loc":{"start":{"line":229,"column":46},"end":{"line":245,"column":3}},"line":229},"8":{"name":"(anonymous_8)","decl":{"start":{"line":247,"column":2},"end":{"line":247,"column":3}},"loc":{"start":{"line":247,"column":52},"end":{"line":286,"column":3}},"line":247},"9":{"name":"(anonymous_9)","decl":{"start":{"line":288,"column":2},"end":{"line":288,"column":3}},"loc":{"start":{"line":288,"column":48},"end":{"line":305,"column":3}},"line":288}},"branchMap":{"0":{"loc":{"start":{"line":15,"column":6},"end":{"line":15,"column":56}},"type":"if","locations":[{"start":{"line":15,"column":6},"end":{"line":15,"column":56}},{"start":{},"end":{}}],"line":15},"1":{"loc":{"start":{"line":17,"column":6},"end":{"line":17,"column":75}},"type":"if","locations":[{"start":{"line":17,"column":6},"end":{"line":17,"column":75}},{"start":{},"end":{}}],"line":17},"2":{"loc":{"start":{"line":29,"column":6},"end":{"line":57,"column":7}},"type":"if","locations":[{"start":{"line":29,"column":6},"end":{"line":57,"column":7}},{"start":{"line":55,"column":13},"end":{"line":57,"column":7}}],"line":29},"3":{"loc":{"start":{"line":45,"column":12},"end":{"line":52,"column":13}},"type":"if","locations":[{"start":{"line":45,"column":12},"end":{"line":52,"column":13}},{"start":{"line":46,"column":17},"end":{"line":52,"column":13}}],"line":45},"4":{"loc":{"start":{"line":187,"column":6},"end":{"line":189,"column":7}},"type":"if","locations":[{"start":{"line":187,"column":6},"end":{"line":189,"column":7}},{"start":{},"end":{}}],"line":187},"5":{"loc":{"start":{"line":221,"column":6},"end":{"line":221,"column":62}},"type":"if","locations":[{"start":{"line":221,"column":6},"end":{"line":221,"column":62}},{"start":{},"end":{}}],"line":221},"6":{"loc":{"start":{"line":235,"column":6},"end":{"line":235,"column":59}},"type":"if","locations":[{"start":{"line":235,"column":6},"end":{"line":235,"column":59}},{"start":{},"end":{}}],"line":235},"7":{"loc":{"start":{"line":253,"column":6},"end":{"line":253,"column":56}},"type":"if","locations":[{"start":{"line":253,"column":6},"end":{"line":253,"column":56}},{"start":{},"end":{}}],"line":253},"8":{"loc":{"start":{"line":256,"column":6},"end":{"line":256,"column":54}},"type":"if","locations":[{"start":{"line":256,"column":6},"end":{"line":256,"column":54}},{"start":{},"end":{}}],"line":256},"9":{"loc":{"start":{"line":261,"column":6},"end":{"line":261,"column":59}},"type":"if","locations":[{"start":{"line":261,"column":6},"end":{"line":261,"column":59}},{"start":{},"end":{}}],"line":261},"10":{"loc":{"start":{"line":272,"column":6},"end":{"line":278,"column":7}},"type":"if","locations":[{"start":{"line":272,"column":6},"end":{"line":278,"column":7}},{"start":{"line":274,"column":13},"end":{"line":278,"column":7}}],"line":272},"11":{"loc":{"start":{"line":274,"column":13},"end":{"line":278,"column":7}},"type":"if","locations":[{"start":{"line":274,"column":13},"end":{"line":278,"column":7}},{"start":{"line":276,"column":13},"end":{"line":278,"column":7}}],"line":274},"12":{"loc":{"start":{"line":276,"column":13},"end":{"line":278,"column":7}},"type":"if","locations":[{"start":{"line":276,"column":13},"end":{"line":278,"column":7}},{"start":{},"end":{}}],"line":276},"13":{"loc":{"start":{"line":293,"column":6},"end":{"line":293,"column":59}},"type":"if","locations":[{"start":{"line":293,"column":6},"end":{"line":293,"column":59}},{"start":{},"end":{}}],"line":293}},"s":{"0":3,"1":3,"2":3,"3":3,"4":1,"5":1,"6":1,"7":1,"8":1,"9":1,"10":0,"11":1,"12":0,"13":1,"14":1,"15":0,"16":0,"17":0,"18":0,"19":0,"20":0,"21":0,"22":0,"23":1,"24":1,"25":1,"26":0,"27":1,"28":1,"29":1,"30":1,"31":1,"32":1,"33":0,"34":1,"35":1,"36":1,"37":1,"38":0,"39":1,"40":1,"41":1,"42":1,"43":0,"44":1,"45":1,"46":1,"47":1,"48":0,"49":1,"50":1,"51":0,"52":1,"53":1,"54":1,"55":1,"56":1,"57":0,"58":1,"59":0,"60":1,"61":1,"62":1,"63":1,"64":1,"65":0,"66":1,"67":1,"68":0,"69":3,"70":3,"71":3,"72":3,"73":3,"74":0,"75":3,"76":3,"77":0,"78":3,"79":3,"80":3,"81":0,"82":3,"83":3,"84":3,"85":1,"86":2,"87":1,"88":1,"89":1,"90":3,"91":0,"92":1,"93":1,"94":1,"95":1,"96":0,"97":1,"98":1,"99":0,"100":3},"f":{"0":1,"1":0,"2":1,"3":1,"4":1,"5":1,"6":1,"7":1,"8":3,"9":1},"b":{"0":[0,1],"1":[0,1],"2":[0,1],"3":[0,0],"4":[0,1],"5":[0,1],"6":[0,1],"7":[0,3],"8":[0,3],"9":[0,3],"10":[1,2],"11":[1,1],"12":[1,0],"13":[0,1]},"_coverageSchema":"1a1c01bbd47fc00a2c39e90264f33305004495a9","hash":"a8ca503f736622eabd5d0a8df978e9e57a13ccdc"}
,"C:\\Users\\INU\\BACKEND\\controllers\\controllerUser.js": {"path":"C:\\Users\\INU\\BACKEND\\controllers\\controllerUser.js","statementMap":{"0":{"start":{"line":9,"column":4},"end":{"line":9,"column":24}},"1":{"start":{"line":10,"column":28},"end":{"line":10,"column":56}},"2":{"start":{"line":11,"column":24},"end":{"line":11,"column":49}},"3":{"start":{"line":12,"column":17},"end":{"line":12,"column":36}},"4":{"start":{"line":13,"column":19},"end":{"line":13,"column":50}},"5":{"start":{"line":16,"column":4},"end":{"line":57,"column":5}},"6":{"start":{"line":25,"column":10},"end":{"line":25,"column":18}},"7":{"start":{"line":27,"column":17},"end":{"line":27,"column":41}},"8":{"start":{"line":28,"column":6},"end":{"line":30,"column":7}},"9":{"start":{"line":29,"column":8},"end":{"line":29,"column":37}},"10":{"start":{"line":32,"column":22},"end":{"line":42,"column":8}},"11":{"start":{"line":45,"column":28},"end":{"line":50,"column":8}},"12":{"start":{"line":52,"column":54},"end":{"line":52,"column":72}},"13":{"start":{"line":53,"column":6},"end":{"line":53,"column":83}},"14":{"start":{"line":55,"column":6},"end":{"line":55,"column":25}},"15":{"start":{"line":56,"column":6},"end":{"line":56,"column":18}},"16":{"start":{"line":61,"column":4},"end":{"line":94,"column":5}},"17":{"start":{"line":62,"column":32},"end":{"line":62,"column":40}},"18":{"start":{"line":63,"column":6},"end":{"line":63,"column":51}},"19":{"start":{"line":63,"column":18},"end":{"line":63,"column":51}},"20":{"start":{"line":64,"column":6},"end":{"line":64,"column":57}},"21":{"start":{"line":64,"column":21},"end":{"line":64,"column":57}},"22":{"start":{"line":66,"column":23},"end":{"line":70,"column":8}},"23":{"start":{"line":72,"column":6},"end":{"line":72,"column":62}},"24":{"start":{"line":72,"column":21},"end":{"line":72,"column":62}},"25":{"start":{"line":73,"column":6},"end":{"line":73,"column":75}},"26":{"start":{"line":73,"column":41},"end":{"line":73,"column":75}},"27":{"start":{"line":74,"column":32},"end":{"line":74,"column":76}},"28":{"start":{"line":76,"column":6},"end":{"line":76,"column":71}},"29":{"start":{"line":76,"column":30},"end":{"line":76,"column":71}},"30":{"start":{"line":77,"column":22},"end":{"line":79,"column":7}},"31":{"start":{"line":81,"column":27},"end":{"line":81,"column":47}},"32":{"start":{"line":82,"column":6},"end":{"line":82,"column":32}},"33":{"start":{"line":84,"column":23},"end":{"line":88,"column":7}},"34":{"start":{"line":90,"column":6},"end":{"line":90,"column":37}},"35":{"start":{"line":92,"column":6},"end":{"line":92,"column":25}},"36":{"start":{"line":93,"column":6},"end":{"line":93,"column":18}},"37":{"start":{"line":98,"column":4},"end":{"line":116,"column":5}},"38":{"start":{"line":99,"column":19},"end":{"line":99,"column":51}},"39":{"start":{"line":100,"column":6},"end":{"line":102,"column":7}},"40":{"start":{"line":101,"column":10},"end":{"line":101,"column":69}},"41":{"start":{"line":104,"column":20},"end":{"line":111,"column":8}},"42":{"start":{"line":113,"column":6},"end":{"line":113,"column":34}},"43":{"start":{"line":115,"column":6},"end":{"line":115,"column":18}},"44":{"start":{"line":121,"column":4},"end":{"line":158,"column":5}},"45":{"start":{"line":122,"column":21},"end":{"line":122,"column":31}},"46":{"start":{"line":124,"column":19},"end":{"line":146,"column":8}},"47":{"start":{"line":148,"column":6},"end":{"line":152,"column":7}},"48":{"start":{"line":149,"column":8},"end":{"line":151,"column":10}},"49":{"start":{"line":154,"column":6},"end":{"line":154,"column":33}},"50":{"start":{"line":156,"column":6},"end":{"line":156,"column":25}},"51":{"start":{"line":157,"column":6},"end":{"line":157,"column":18}},"52":{"start":{"line":162,"column":4},"end":{"line":218,"column":5}},"53":{"start":{"line":163,"column":21},"end":{"line":163,"column":31}},"54":{"start":{"line":181,"column":10},"end":{"line":181,"column":18}},"55":{"start":{"line":182,"column":19},"end":{"line":182,"column":42}},"56":{"start":{"line":183,"column":6},"end":{"line":187,"column":7}},"57":{"start":{"line":184,"column":8},"end":{"line":186,"column":10}},"58":{"start":{"line":190,"column":6},"end":{"line":210,"column":8}},"59":{"start":{"line":212,"column":6},"end":{"line":214,"column":9}},"60":{"start":{"line":216,"column":6},"end":{"line":216,"column":25}},"61":{"start":{"line":217,"column":6},"end":{"line":217,"column":18}},"62":{"start":{"line":222,"column":4},"end":{"line":259,"column":5}},"63":{"start":{"line":223,"column":19},"end":{"line":223,"column":27}},"64":{"start":{"line":225,"column":6},"end":{"line":225,"column":55}},"65":{"start":{"line":227,"column":21},"end":{"line":231,"column":8}},"66":{"start":{"line":233,"column":6},"end":{"line":254,"column":8}},"67":{"start":{"line":239,"column":10},"end":{"line":252,"column":11}},"68":{"start":{"line":240,"column":12},"end":{"line":249,"column":13}},"69":{"start":{"line":240,"column":23},"end":{"line":240,"column":55}},"70":{"start":{"line":242,"column":14},"end":{"line":242,"column":34}},"71":{"start":{"line":243,"column":14},"end":{"line":248,"column":16}},"72":{"start":{"line":251,"column":12},"end":{"line":251,"column":31}},"73":{"start":{"line":256,"column":6},"end":{"line":256,"column":69}},"74":{"start":{"line":258,"column":6},"end":{"line":258,"column":18}},"75":{"start":{"line":263,"column":4},"end":{"line":300,"column":5}},"76":{"start":{"line":264,"column":19},"end":{"line":264,"column":27}},"77":{"start":{"line":266,"column":6},"end":{"line":266,"column":55}},"78":{"start":{"line":268,"column":21},"end":{"line":272,"column":8}},"79":{"start":{"line":274,"column":6},"end":{"line":295,"column":8}},"80":{"start":{"line":280,"column":10},"end":{"line":293,"column":11}},"81":{"start":{"line":281,"column":12},"end":{"line":290,"column":13}},"82":{"start":{"line":281,"column":23},"end":{"line":281,"column":55}},"83":{"start":{"line":283,"column":14},"end":{"line":283,"column":34}},"84":{"start":{"line":284,"column":14},"end":{"line":289,"column":16}},"85":{"start":{"line":292,"column":12},"end":{"line":292,"column":31}},"86":{"start":{"line":297,"column":6},"end":{"line":297,"column":80}},"87":{"start":{"line":299,"column":6},"end":{"line":299,"column":18}},"88":{"start":{"line":304,"column":4},"end":{"line":341,"column":5}},"89":{"start":{"line":305,"column":19},"end":{"line":305,"column":27}},"90":{"start":{"line":307,"column":6},"end":{"line":307,"column":55}},"91":{"start":{"line":309,"column":21},"end":{"line":313,"column":8}},"92":{"start":{"line":315,"column":6},"end":{"line":336,"column":8}},"93":{"start":{"line":321,"column":10},"end":{"line":334,"column":11}},"94":{"start":{"line":322,"column":12},"end":{"line":331,"column":13}},"95":{"start":{"line":322,"column":23},"end":{"line":322,"column":55}},"96":{"start":{"line":324,"column":14},"end":{"line":324,"column":34}},"97":{"start":{"line":325,"column":14},"end":{"line":330,"column":16}},"98":{"start":{"line":333,"column":12},"end":{"line":333,"column":31}},"99":{"start":{"line":338,"column":6},"end":{"line":338,"column":72}},"100":{"start":{"line":340,"column":6},"end":{"line":340,"column":18}},"101":{"start":{"line":345,"column":4},"end":{"line":382,"column":5}},"102":{"start":{"line":346,"column":19},"end":{"line":346,"column":27}},"103":{"start":{"line":348,"column":6},"end":{"line":348,"column":55}},"104":{"start":{"line":350,"column":21},"end":{"line":354,"column":8}},"105":{"start":{"line":356,"column":6},"end":{"line":377,"column":8}},"106":{"start":{"line":362,"column":10},"end":{"line":375,"column":11}},"107":{"start":{"line":363,"column":12},"end":{"line":372,"column":13}},"108":{"start":{"line":363,"column":23},"end":{"line":363,"column":55}},"109":{"start":{"line":365,"column":14},"end":{"line":365,"column":34}},"110":{"start":{"line":366,"column":14},"end":{"line":371,"column":16}},"111":{"start":{"line":374,"column":12},"end":{"line":374,"column":31}},"112":{"start":{"line":379,"column":6},"end":{"line":379,"column":73}},"113":{"start":{"line":381,"column":6},"end":{"line":381,"column":18}},"114":{"start":{"line":388,"column":4},"end":{"line":398,"column":5}},"115":{"start":{"line":389,"column":36},"end":{"line":389,"column":44}},"116":{"start":{"line":390,"column":18},"end":{"line":394,"column":8}},"117":{"start":{"line":395,"column":6},"end":{"line":395,"column":32}},"118":{"start":{"line":397,"column":6},"end":{"line":397,"column":18}},"119":{"start":{"line":402,"column":4},"end":{"line":427,"column":5}},"120":{"start":{"line":403,"column":21},"end":{"line":403,"column":31}},"121":{"start":{"line":404,"column":36},"end":{"line":404,"column":44}},"122":{"start":{"line":405,"column":22},"end":{"line":405,"column":48}},"123":{"start":{"line":406,"column":6},"end":{"line":410,"column":7}},"124":{"start":{"line":407,"column":8},"end":{"line":409,"column":10}},"125":{"start":{"line":413,"column":6},"end":{"line":419,"column":8}},"126":{"start":{"line":421,"column":6},"end":{"line":423,"column":9}},"127":{"start":{"line":425,"column":6},"end":{"line":425,"column":25}},"128":{"start":{"line":426,"column":6},"end":{"line":426,"column":18}},"129":{"start":{"line":431,"column":4},"end":{"line":443,"column":5}},"130":{"start":{"line":432,"column":21},"end":{"line":432,"column":31}},"131":{"start":{"line":433,"column":22},"end":{"line":433,"column":48}},"132":{"start":{"line":435,"column":6},"end":{"line":435,"column":47}},"133":{"start":{"line":437,"column":6},"end":{"line":439,"column":9}},"134":{"start":{"line":441,"column":6},"end":{"line":441,"column":25}},"135":{"start":{"line":442,"column":6},"end":{"line":442,"column":18}},"136":{"start":{"line":448,"column":4},"end":{"line":458,"column":5}},"137":{"start":{"line":449,"column":33},"end":{"line":449,"column":41}},"138":{"start":{"line":450,"column":18},"end":{"line":454,"column":8}},"139":{"start":{"line":455,"column":6},"end":{"line":455,"column":32}},"140":{"start":{"line":457,"column":6},"end":{"line":457,"column":18}},"141":{"start":{"line":462,"column":4},"end":{"line":474,"column":5}},"142":{"start":{"line":463,"column":21},"end":{"line":463,"column":31}},"143":{"start":{"line":464,"column":20},"end":{"line":464,"column":44}},"144":{"start":{"line":466,"column":6},"end":{"line":466,"column":45}},"145":{"start":{"line":468,"column":6},"end":{"line":470,"column":9}},"146":{"start":{"line":472,"column":6},"end":{"line":472,"column":25}},"147":{"start":{"line":473,"column":6},"end":{"line":473,"column":18}},"148":{"start":{"line":479,"column":4},"end":{"line":489,"column":5}},"149":{"start":{"line":480,"column":35},"end":{"line":480,"column":43}},"150":{"start":{"line":481,"column":18},"end":{"line":485,"column":8}},"151":{"start":{"line":486,"column":6},"end":{"line":486,"column":32}},"152":{"start":{"line":488,"column":6},"end":{"line":488,"column":18}},"153":{"start":{"line":493,"column":4},"end":{"line":505,"column":5}},"154":{"start":{"line":494,"column":21},"end":{"line":494,"column":31}},"155":{"start":{"line":495,"column":22},"end":{"line":495,"column":48}},"156":{"start":{"line":497,"column":6},"end":{"line":497,"column":47}},"157":{"start":{"line":499,"column":6},"end":{"line":501,"column":9}},"158":{"start":{"line":503,"column":6},"end":{"line":503,"column":25}},"159":{"start":{"line":504,"column":6},"end":{"line":504,"column":18}},"160":{"start":{"line":509,"column":0},"end":{"line":509,"column":32}}},"fnMap":{"0":{"name":"(anonymous_0)","decl":{"start":{"line":15,"column":2},"end":{"line":15,"column":3}},"loc":{"start":{"line":15,"column":40},"end":{"line":58,"column":3}},"line":15},"1":{"name":"(anonymous_1)","decl":{"start":{"line":60,"column":2},"end":{"line":60,"column":3}},"loc":{"start":{"line":60,"column":37},"end":{"line":95,"column":3}},"line":60},"2":{"name":"(anonymous_2)","decl":{"start":{"line":97,"column":2},"end":{"line":97,"column":3}},"loc":{"start":{"line":97,"column":43},"end":{"line":117,"column":3}},"line":97},"3":{"name":"(anonymous_3)","decl":{"start":{"line":120,"column":2},"end":{"line":120,"column":3}},"loc":{"start":{"line":120,"column":42},"end":{"line":159,"column":3}},"line":120},"4":{"name":"(anonymous_4)","decl":{"start":{"line":161,"column":2},"end":{"line":161,"column":3}},"loc":{"start":{"line":161,"column":42},"end":{"line":219,"column":3}},"line":161},"5":{"name":"(anonymous_5)","decl":{"start":{"line":221,"column":2},"end":{"line":221,"column":3}},"loc":{"start":{"line":221,"column":38},"end":{"line":260,"column":3}},"line":221},"6":{"name":"(anonymous_6)","decl":{"start":{"line":238,"column":8},"end":{"line":238,"column":9}},"loc":{"start":{"line":238,"column":39},"end":{"line":253,"column":9}},"line":238},"7":{"name":"(anonymous_7)","decl":{"start":{"line":262,"column":2},"end":{"line":262,"column":3}},"loc":{"start":{"line":262,"column":48},"end":{"line":301,"column":3}},"line":262},"8":{"name":"(anonymous_8)","decl":{"start":{"line":279,"column":8},"end":{"line":279,"column":9}},"loc":{"start":{"line":279,"column":39},"end":{"line":294,"column":9}},"line":279},"9":{"name":"(anonymous_9)","decl":{"start":{"line":303,"column":2},"end":{"line":303,"column":3}},"loc":{"start":{"line":303,"column":40},"end":{"line":342,"column":3}},"line":303},"10":{"name":"(anonymous_10)","decl":{"start":{"line":320,"column":8},"end":{"line":320,"column":9}},"loc":{"start":{"line":320,"column":39},"end":{"line":335,"column":9}},"line":320},"11":{"name":"(anonymous_11)","decl":{"start":{"line":344,"column":2},"end":{"line":344,"column":3}},"loc":{"start":{"line":344,"column":39},"end":{"line":383,"column":3}},"line":344},"12":{"name":"(anonymous_12)","decl":{"start":{"line":361,"column":8},"end":{"line":361,"column":9}},"loc":{"start":{"line":361,"column":39},"end":{"line":376,"column":9}},"line":361},"13":{"name":"(anonymous_13)","decl":{"start":{"line":387,"column":2},"end":{"line":387,"column":3}},"loc":{"start":{"line":387,"column":44},"end":{"line":399,"column":3}},"line":387},"14":{"name":"(anonymous_14)","decl":{"start":{"line":401,"column":2},"end":{"line":401,"column":3}},"loc":{"start":{"line":401,"column":47},"end":{"line":428,"column":3}},"line":401},"15":{"name":"(anonymous_15)","decl":{"start":{"line":430,"column":2},"end":{"line":430,"column":3}},"loc":{"start":{"line":430,"column":47},"end":{"line":444,"column":3}},"line":430},"16":{"name":"(anonymous_16)","decl":{"start":{"line":447,"column":2},"end":{"line":447,"column":3}},"loc":{"start":{"line":447,"column":39},"end":{"line":459,"column":3}},"line":447},"17":{"name":"(anonymous_17)","decl":{"start":{"line":461,"column":2},"end":{"line":461,"column":3}},"loc":{"start":{"line":461,"column":42},"end":{"line":475,"column":3}},"line":461},"18":{"name":"(anonymous_18)","decl":{"start":{"line":478,"column":2},"end":{"line":478,"column":3}},"loc":{"start":{"line":478,"column":42},"end":{"line":490,"column":3}},"line":478},"19":{"name":"(anonymous_19)","decl":{"start":{"line":492,"column":2},"end":{"line":492,"column":3}},"loc":{"start":{"line":492,"column":45},"end":{"line":506,"column":3}},"line":492}},"branchMap":{"0":{"loc":{"start":{"line":28,"column":6},"end":{"line":30,"column":7}},"type":"if","locations":[{"start":{"line":28,"column":6},"end":{"line":30,"column":7}},{"start":{},"end":{}}],"line":28},"1":{"loc":{"start":{"line":63,"column":6},"end":{"line":63,"column":51}},"type":"if","locations":[{"start":{"line":63,"column":6},"end":{"line":63,"column":51}},{"start":{},"end":{}}],"line":63},"2":{"loc":{"start":{"line":64,"column":6},"end":{"line":64,"column":57}},"type":"if","locations":[{"start":{"line":64,"column":6},"end":{"line":64,"column":57}},{"start":{},"end":{}}],"line":64},"3":{"loc":{"start":{"line":72,"column":6},"end":{"line":72,"column":62}},"type":"if","locations":[{"start":{"line":72,"column":6},"end":{"line":72,"column":62}},{"start":{},"end":{}}],"line":72},"4":{"loc":{"start":{"line":73,"column":6},"end":{"line":73,"column":75}},"type":"if","locations":[{"start":{"line":73,"column":6},"end":{"line":73,"column":75}},{"start":{},"end":{}}],"line":73},"5":{"loc":{"start":{"line":76,"column":6},"end":{"line":76,"column":71}},"type":"if","locations":[{"start":{"line":76,"column":6},"end":{"line":76,"column":71}},{"start":{},"end":{}}],"line":76},"6":{"loc":{"start":{"line":100,"column":6},"end":{"line":102,"column":7}},"type":"if","locations":[{"start":{"line":100,"column":6},"end":{"line":102,"column":7}},{"start":{},"end":{}}],"line":100},"7":{"loc":{"start":{"line":148,"column":6},"end":{"line":152,"column":7}},"type":"if","locations":[{"start":{"line":148,"column":6},"end":{"line":152,"column":7}},{"start":{},"end":{}}],"line":148},"8":{"loc":{"start":{"line":183,"column":6},"end":{"line":187,"column":7}},"type":"if","locations":[{"start":{"line":183,"column":6},"end":{"line":187,"column":7}},{"start":{},"end":{}}],"line":183},"9":{"loc":{"start":{"line":240,"column":12},"end":{"line":249,"column":13}},"type":"if","locations":[{"start":{"line":240,"column":12},"end":{"line":249,"column":13}},{"start":{"line":241,"column":17},"end":{"line":249,"column":13}}],"line":240},"10":{"loc":{"start":{"line":281,"column":12},"end":{"line":290,"column":13}},"type":"if","locations":[{"start":{"line":281,"column":12},"end":{"line":290,"column":13}},{"start":{"line":282,"column":17},"end":{"line":290,"column":13}}],"line":281},"11":{"loc":{"start":{"line":322,"column":12},"end":{"line":331,"column":13}},"type":"if","locations":[{"start":{"line":322,"column":12},"end":{"line":331,"column":13}},{"start":{"line":323,"column":17},"end":{"line":331,"column":13}}],"line":322},"12":{"loc":{"start":{"line":363,"column":12},"end":{"line":372,"column":13}},"type":"if","locations":[{"start":{"line":363,"column":12},"end":{"line":372,"column":13}},{"start":{"line":364,"column":17},"end":{"line":372,"column":13}}],"line":363},"13":{"loc":{"start":{"line":406,"column":6},"end":{"line":410,"column":7}},"type":"if","locations":[{"start":{"line":406,"column":6},"end":{"line":410,"column":7}},{"start":{},"end":{}}],"line":406}},"s":{"0":3,"1":3,"2":3,"3":3,"4":3,"5":3,"6":3,"7":3,"8":3,"9":2,"10":1,"11":1,"12":1,"13":1,"14":2,"15":2,"16":7,"17":7,"18":7,"19":1,"20":6,"21":1,"22":5,"23":5,"24":3,"25":2,"26":1,"27":1,"28":1,"29":0,"30":1,"31":1,"32":1,"33":1,"34":1,"35":6,"36":6,"37":0,"38":0,"39":0,"40":0,"41":0,"42":0,"43":0,"44":0,"45":0,"46":0,"47":0,"48":0,"49":0,"50":0,"51":0,"52":0,"53":0,"54":0,"55":0,"56":0,"57":0,"58":0,"59":0,"60":0,"61":0,"62":0,"63":0,"64":0,"65":0,"66":0,"67":0,"68":0,"69":0,"70":0,"71":0,"72":0,"73":0,"74":0,"75":0,"76":0,"77":0,"78":0,"79":0,"80":0,"81":0,"82":0,"83":0,"84":0,"85":0,"86":0,"87":0,"88":0,"89":0,"90":0,"91":0,"92":0,"93":0,"94":0,"95":0,"96":0,"97":0,"98":0,"99":0,"100":0,"101":0,"102":0,"103":0,"104":0,"105":0,"106":0,"107":0,"108":0,"109":0,"110":0,"111":0,"112":0,"113":0,"114":0,"115":0,"116":0,"117":0,"118":0,"119":0,"120":0,"121":0,"122":0,"123":0,"124":0,"125":0,"126":0,"127":0,"128":0,"129":0,"130":0,"131":0,"132":0,"133":0,"134":0,"135":0,"136":0,"137":0,"138":0,"139":0,"140":0,"141":0,"142":0,"143":0,"144":0,"145":0,"146":0,"147":0,"148":0,"149":0,"150":0,"151":0,"152":0,"153":0,"154":0,"155":0,"156":0,"157":0,"158":0,"159":0,"160":3},"f":{"0":3,"1":7,"2":0,"3":0,"4":0,"5":0,"6":0,"7":0,"8":0,"9":0,"10":0,"11":0,"12":0,"13":0,"14":0,"15":0,"16":0,"17":0,"18":0,"19":0},"b":{"0":[2,1],"1":[1,6],"2":[1,5],"3":[3,2],"4":[1,1],"5":[0,1],"6":[0,0],"7":[0,0],"8":[0,0],"9":[0,0],"10":[0,0],"11":[0,0],"12":[0,0],"13":[0,0]},"_coverageSchema":"1a1c01bbd47fc00a2c39e90264f33305004495a9","hash":"e47665736056a8cb91166712ba577e325ca2e2fd"}
,"C:\\Users\\INU\\BACKEND\\helpers\\bcrypt.js": {"path":"C:\\Users\\INU\\BACKEND\\helpers\\bcrypt.js","statementMap":{"0":{"start":{"line":1,"column":15},"end":{"line":1,"column":34}},"1":{"start":{"line":3,"column":21},"end":{"line":5,"column":1}},"2":{"start":{"line":4,"column":4},"end":{"line":4,"column":39}},"3":{"start":{"line":7,"column":24},"end":{"line":9,"column":1}},"4":{"start":{"line":8,"column":4},"end":{"line":8,"column":53}},"5":{"start":{"line":11,"column":0},"end":{"line":11,"column":50}}},"fnMap":{"0":{"name":"(anonymous_0)","decl":{"start":{"line":3,"column":21},"end":{"line":3,"column":22}},"loc":{"start":{"line":3,"column":35},"end":{"line":5,"column":1}},"line":3},"1":{"name":"(anonymous_1)","decl":{"start":{"line":7,"column":24},"end":{"line":7,"column":25}},"loc":{"start":{"line":7,"column":52},"end":{"line":9,"column":1}},"line":7}},"branchMap":{},"s":{"0":3,"1":3,"2":6,"3":3,"4":29,"5":3},"f":{"0":6,"1":29},"b":{},"_coverageSchema":"1a1c01bbd47fc00a2c39e90264f33305004495a9","hash":"bfe4157d4f95b2728f7714ca44c27be4467cea06"}
,"C:\\Users\\INU\\BACKEND\\helpers\\jwt.js": {"path":"C:\\Users\\INU\\BACKEND\\helpers\\jwt.js","statementMap":{"0":{"start":{"line":1,"column":12},"end":{"line":1,"column":35}},"1":{"start":{"line":3,"column":12},"end":{"line":3,"column":34}},"2":{"start":{"line":5,"column":20},"end":{"line":5,"column":55}},"3":{"start":{"line":5,"column":33},"end":{"line":5,"column":55}},"4":{"start":{"line":7,"column":20},"end":{"line":7,"column":53}},"5":{"start":{"line":7,"column":31},"end":{"line":7,"column":53}},"6":{"start":{"line":9,"column":0},"end":{"line":9,"column":45}}},"fnMap":{"0":{"name":"(anonymous_0)","decl":{"start":{"line":5,"column":20},"end":{"line":5,"column":21}},"loc":{"start":{"line":5,"column":33},"end":{"line":5,"column":55}},"line":5},"1":{"name":"(anonymous_1)","decl":{"start":{"line":7,"column":20},"end":{"line":7,"column":21}},"loc":{"start":{"line":7,"column":31},"end":{"line":7,"column":53}},"line":7}},"branchMap":{},"s":{"0":3,"1":3,"2":3,"3":29,"4":3,"5":30,"6":3},"f":{"0":29,"1":30},"b":{},"_coverageSchema":"1a1c01bbd47fc00a2c39e90264f33305004495a9","hash":"bb8e0bce39a2f0aaf5709cfab7293da5e906a8ab"}
,"C:\\Users\\INU\\BACKEND\\helpers\\multer.js": {"path":"C:\\Users\\INU\\BACKEND\\helpers\\multer.js","statementMap":{"0":{"start":{"line":1,"column":17},"end":{"line":1,"column":36}},"1":{"start":{"line":2,"column":15},"end":{"line":2,"column":32}},"2":{"start":{"line":4,"column":19},"end":{"line":10,"column":1}},"3":{"start":{"line":5,"column":2},"end":{"line":9,"column":3}},"4":{"start":{"line":6,"column":4},"end":{"line":6,"column":19}},"5":{"start":{"line":8,"column":4},"end":{"line":8,"column":20}},"6":{"start":{"line":12,"column":15},"end":{"line":12,"column":49}},"7":{"start":{"line":14,"column":0},"end":{"line":14,"column":24}}},"fnMap":{"0":{"name":"(anonymous_0)","decl":{"start":{"line":4,"column":19},"end":{"line":4,"column":20}},"loc":{"start":{"line":4,"column":38},"end":{"line":10,"column":1}},"line":4}},"branchMap":{"0":{"loc":{"start":{"line":5,"column":2},"end":{"line":9,"column":3}},"type":"if","locations":[{"start":{"line":5,"column":2},"end":{"line":9,"column":3}},{"start":{"line":7,"column":9},"end":{"line":9,"column":3}}],"line":5},"1":{"loc":{"start":{"line":5,"column":7},"end":{"line":5,"column":103}},"type":"binary-expr","locations":[{"start":{"line":5,"column":7},"end":{"line":5,"column":36}},{"start":{"line":5,"column":40},"end":{"line":5,"column":69}},{"start":{"line":5,"column":73},"end":{"line":5,"column":103}}],"line":5}},"s":{"0":3,"1":3,"2":3,"3":0,"4":0,"5":0,"6":3,"7":3},"f":{"0":0},"b":{"0":[0,0],"1":[0,0,0]},"_coverageSchema":"1a1c01bbd47fc00a2c39e90264f33305004495a9","hash":"ebd7ea042d16f3242a60185576229074bdbb7c53"}
,"C:\\Users\\INU\\BACKEND\\helpers\\serviceSMTP.js": {"path":"C:\\Users\\INU\\BACKEND\\helpers\\serviceSMTP.js","statementMap":{"0":{"start":{"line":1,"column":17},"end":{"line":1,"column":37}},"1":{"start":{"line":2,"column":19},"end":{"line":2,"column":40}},"2":{"start":{"line":6,"column":24},"end":{"line":14,"column":6}},"3":{"start":{"line":17,"column":17},"end":{"line":17,"column":56}},"4":{"start":{"line":18,"column":4},"end":{"line":18,"column":41}},"5":{"start":{"line":19,"column":4},"end":{"line":19,"column":48}},"6":{"start":{"line":19,"column":15},"end":{"line":19,"column":48}},"7":{"start":{"line":20,"column":4},"end":{"line":20,"column":68}},"8":{"start":{"line":22,"column":24},"end":{"line":30,"column":5}},"9":{"start":{"line":32,"column":17},"end":{"line":32,"column":56}},"10":{"start":{"line":33,"column":4},"end":{"line":33,"column":52}},"11":{"start":{"line":36,"column":0},"end":{"line":36,"column":42}}},"fnMap":{"0":{"name":"sendEmailToResidents","decl":{"start":{"line":4,"column":15},"end":{"line":4,"column":35}},"loc":{"start":{"line":4,"column":48},"end":{"line":34,"column":1}},"line":4}},"branchMap":{"0":{"loc":{"start":{"line":19,"column":4},"end":{"line":19,"column":48}},"type":"if","locations":[{"start":{"line":19,"column":4},"end":{"line":19,"column":48}},{"start":{},"end":{}}],"line":19}},"s":{"0":3,"1":3,"2":0,"3":0,"4":0,"5":0,"6":0,"7":0,"8":0,"9":0,"10":0,"11":3},"f":{"0":0},"b":{"0":[0,0]},"_coverageSchema":"1a1c01bbd47fc00a2c39e90264f33305004495a9","hash":"6f7c03c419c3b1bab118dbe3395a85c6fd3eff0c"}
,"C:\\Users\\INU\\BACKEND\\helpers\\smtp.js": {"path":"C:\\Users\\INU\\BACKEND\\helpers\\smtp.js","statementMap":{"0":{"start":{"line":1,"column":17},"end":{"line":1,"column":37}},"1":{"start":{"line":2,"column":19},"end":{"line":2,"column":40}},"2":{"start":{"line":6,"column":24},"end":{"line":14,"column":6}},"3":{"start":{"line":16,"column":22},"end":{"line":19,"column":6}},"4":{"start":{"line":20,"column":4},"end":{"line":20,"column":54}},"5":{"start":{"line":24,"column":4},"end":{"line":39,"column":5}},"6":{"start":{"line":24,"column":17},"end":{"line":24,"column":18}},"7":{"start":{"line":25,"column":28},"end":{"line":36,"column":9}},"8":{"start":{"line":38,"column":8},"end":{"line":38,"column":48}},"9":{"start":{"line":42,"column":0},"end":{"line":42,"column":41}}},"fnMap":{"0":{"name":"sendEmailToResidents","decl":{"start":{"line":4,"column":15},"end":{"line":4,"column":35}},"loc":{"start":{"line":4,"column":43},"end":{"line":40,"column":1}},"line":4}},"branchMap":{},"s":{"0":3,"1":3,"2":0,"3":0,"4":0,"5":0,"6":0,"7":0,"8":0,"9":3},"f":{"0":0},"b":{},"_coverageSchema":"1a1c01bbd47fc00a2c39e90264f33305004495a9","hash":"01780962e867b3c656a7d5c995a8086a54f6b468"}
,"C:\\Users\\INU\\BACKEND\\middlewares\\authentication.js": {"path":"C:\\Users\\INU\\BACKEND\\middlewares\\authentication.js","statementMap":{"0":{"start":{"line":1,"column":18},"end":{"line":1,"column":58}},"1":{"start":{"line":2,"column":24},"end":{"line":2,"column":49}},"2":{"start":{"line":3,"column":17},"end":{"line":3,"column":37}},"3":{"start":{"line":4,"column":15},"end":{"line":4,"column":35}},"4":{"start":{"line":7,"column":4},"end":{"line":36,"column":5}},"5":{"start":{"line":8,"column":33},"end":{"line":8,"column":44}},"6":{"start":{"line":10,"column":8},"end":{"line":14,"column":9}},"7":{"start":{"line":11,"column":12},"end":{"line":13,"column":14}},"8":{"start":{"line":16,"column":24},"end":{"line":16,"column":49}},"9":{"start":{"line":17,"column":21},"end":{"line":17,"column":52}},"10":{"start":{"line":19,"column":8},"end":{"line":23,"column":9}},"11":{"start":{"line":20,"column":12},"end":{"line":22,"column":14}},"12":{"start":{"line":25,"column":8},"end":{"line":30,"column":10}},"13":{"start":{"line":32,"column":8},"end":{"line":32,"column":15}},"14":{"start":{"line":34,"column":8},"end":{"line":34,"column":27}},"15":{"start":{"line":35,"column":8},"end":{"line":35,"column":20}},"16":{"start":{"line":39,"column":0},"end":{"line":39,"column":35}}},"fnMap":{"0":{"name":"authentication","decl":{"start":{"line":6,"column":15},"end":{"line":6,"column":29}},"loc":{"start":{"line":6,"column":46},"end":{"line":37,"column":1}},"line":6}},"branchMap":{"0":{"loc":{"start":{"line":10,"column":8},"end":{"line":14,"column":9}},"type":"if","locations":[{"start":{"line":10,"column":8},"end":{"line":14,"column":9}},{"start":{},"end":{}}],"line":10},"1":{"loc":{"start":{"line":19,"column":8},"end":{"line":23,"column":9}},"type":"if","locations":[{"start":{"line":19,"column":8},"end":{"line":23,"column":9}},{"start":{},"end":{}}],"line":19}},"s":{"0":3,"1":3,"2":3,"3":3,"4":36,"5":36,"6":36,"7":6,"8":30,"9":27,"10":27,"11":0,"12":27,"13":27,"14":9,"15":9,"16":3},"f":{"0":36},"b":{"0":[6,30],"1":[0,27]},"_coverageSchema":"1a1c01bbd47fc00a2c39e90264f33305004495a9","hash":"531dc9ad19549778fc1379f64ddfa57377b66a13"}
,"C:\\Users\\INU\\BACKEND\\middlewares\\authorization.js": {"path":"C:\\Users\\INU\\BACKEND\\middlewares\\authorization.js","statementMap":{"0":{"start":{"line":1,"column":42},"end":{"line":1,"column":62}},"1":{"start":{"line":4,"column":4},"end":{"line":15,"column":5}},"2":{"start":{"line":5,"column":25},"end":{"line":5,"column":33}},"3":{"start":{"line":8,"column":8},"end":{"line":8,"column":81}},"4":{"start":{"line":8,"column":50},"end":{"line":8,"column":81}},"5":{"start":{"line":11,"column":8},"end":{"line":11,"column":14}},"6":{"start":{"line":13,"column":8},"end":{"line":13,"column":27}},"7":{"start":{"line":14,"column":8},"end":{"line":14,"column":19}},"8":{"start":{"line":18,"column":4},"end":{"line":29,"column":5}},"9":{"start":{"line":19,"column":25},"end":{"line":19,"column":33}},"10":{"start":{"line":22,"column":8},"end":{"line":22,"column":104}},"11":{"start":{"line":22,"column":73},"end":{"line":22,"column":104}},"12":{"start":{"line":25,"column":8},"end":{"line":25,"column":14}},"13":{"start":{"line":27,"column":8},"end":{"line":27,"column":27}},"14":{"start":{"line":28,"column":8},"end":{"line":28,"column":19}},"15":{"start":{"line":33,"column":4},"end":{"line":44,"column":5}},"16":{"start":{"line":34,"column":24},"end":{"line":34,"column":37}},"17":{"start":{"line":35,"column":22},"end":{"line":35,"column":55}},"18":{"start":{"line":36,"column":8},"end":{"line":36,"column":55}},"19":{"start":{"line":36,"column":22},"end":{"line":36,"column":55}},"20":{"start":{"line":37,"column":8},"end":{"line":39,"column":9}},"21":{"start":{"line":38,"column":12},"end":{"line":38,"column":41}},"22":{"start":{"line":40,"column":8},"end":{"line":40,"column":14}},"23":{"start":{"line":42,"column":8},"end":{"line":42,"column":27}},"24":{"start":{"line":43,"column":8},"end":{"line":43,"column":19}},"25":{"start":{"line":49,"column":4},"end":{"line":60,"column":5}},"26":{"start":{"line":50,"column":22},"end":{"line":50,"column":35}},"27":{"start":{"line":51,"column":20},"end":{"line":51,"column":49}},"28":{"start":{"line":52,"column":8},"end":{"line":52,"column":51}},"29":{"start":{"line":52,"column":20},"end":{"line":52,"column":51}},"30":{"start":{"line":53,"column":8},"end":{"line":55,"column":9}},"31":{"start":{"line":54,"column":12},"end":{"line":54,"column":41}},"32":{"start":{"line":56,"column":8},"end":{"line":56,"column":14}},"33":{"start":{"line":58,"column":8},"end":{"line":58,"column":27}},"34":{"start":{"line":59,"column":8},"end":{"line":59,"column":19}},"35":{"start":{"line":64,"column":4},"end":{"line":75,"column":5}},"36":{"start":{"line":65,"column":24},"end":{"line":65,"column":37}},"37":{"start":{"line":66,"column":22},"end":{"line":66,"column":55}},"38":{"start":{"line":67,"column":8},"end":{"line":67,"column":55}},"39":{"start":{"line":67,"column":22},"end":{"line":67,"column":55}},"40":{"start":{"line":68,"column":8},"end":{"line":70,"column":9}},"41":{"start":{"line":69,"column":12},"end":{"line":69,"column":41}},"42":{"start":{"line":71,"column":8},"end":{"line":71,"column":14}},"43":{"start":{"line":73,"column":8},"end":{"line":73,"column":27}},"44":{"start":{"line":74,"column":8},"end":{"line":74,"column":19}},"45":{"start":{"line":78,"column":0},"end":{"line":78,"column":121}}},"fnMap":{"0":{"name":"authorizationRt","decl":{"start":{"line":3,"column":15},"end":{"line":3,"column":30}},"loc":{"start":{"line":3,"column":47},"end":{"line":16,"column":1}},"line":3},"1":{"name":"authorizationAdmin","decl":{"start":{"line":17,"column":15},"end":{"line":17,"column":33}},"loc":{"start":{"line":17,"column":50},"end":{"line":30,"column":1}},"line":17},"2":{"name":"authorizationKendaraan","decl":{"start":{"line":32,"column":15},"end":{"line":32,"column":37}},"loc":{"start":{"line":32,"column":54},"end":{"line":45,"column":1}},"line":32},"3":{"name":"authorizationTamu","decl":{"start":{"line":48,"column":15},"end":{"line":48,"column":32}},"loc":{"start":{"line":48,"column":49},"end":{"line":61,"column":1}},"line":48},"4":{"name":"authorizationComment","decl":{"start":{"line":63,"column":15},"end":{"line":63,"column":35}},"loc":{"start":{"line":63,"column":52},"end":{"line":76,"column":1}},"line":63}},"branchMap":{"0":{"loc":{"start":{"line":8,"column":8},"end":{"line":8,"column":81}},"type":"if","locations":[{"start":{"line":8,"column":8},"end":{"line":8,"column":81}},{"start":{},"end":{}}],"line":8},"1":{"loc":{"start":{"line":8,"column":12},"end":{"line":8,"column":48}},"type":"binary-expr","locations":[{"start":{"line":8,"column":12},"end":{"line":8,"column":28}},{"start":{"line":8,"column":32},"end":{"line":8,"column":48}}],"line":8},"2":{"loc":{"start":{"line":22,"column":8},"end":{"line":22,"column":104}},"type":"if","locations":[{"start":{"line":22,"column":8},"end":{"line":22,"column":104}},{"start":{},"end":{}}],"line":22},"3":{"loc":{"start":{"line":22,"column":12},"end":{"line":22,"column":71}},"type":"binary-ex
[...]
,"C:\\Users\\INU\\BACKEND\\models\\kas.js": {"path":"C:\\Users\\INU\\BACKEND\\models\\kas.js","statementMap":{"0":{"start":{"line":2,"column":18},"end":{"line":2,"column":38}},"1":{"start":{"line":3,"column":0},"end":{"line":43,"column":2}},"2":{"start":{"line":7,"column":6},"end":{"line":9,"column":9}},"3":{"start":{"line":12,"column":2},"end":{"line":41,"column":4}},"4":{"start":{"line":42,"column":2},"end":{"line":42,"column":13}}},"fnMap":{"0":{"name":"(anonymous_0)","decl":{"start":{"line":3,"column":17},"end":{"line":3,"column":18}},"loc":{"start":{"line":3,"column":43},"end":{"line":43,"column":1}},"line":3},"1":{"name":"(anonymous_1)","decl":{"start":{"line":5,"column":4},"end":{"line":5,"column":5}},"loc":{"start":{"line":5,"column":29},"end":{"line":10,"column":5}},"line":5}},"branchMap":{},"s":{"0":3,"1":3,"2":3,"3":3,"4":3},"f":{"0":3,"1":3},"b":{},"_coverageSchema":"1a1c01bbd47fc00a2c39e90264f33305004495a9","hash":"7f6f120e25edcf5ff914d0737e5fa6a94f631c54"}
,"C:\\Users\\INU\\BACKEND\\models\\payment.js": {"path":"C:\\Users\\INU\\BACKEND\\models\\payment.js","statementMap":{"0":{"start":{"line":4,"column":4},"end":{"line":4,"column":24}},"1":{"start":{"line":5,"column":0},"end":{"line":54,"column":2}},"2":{"start":{"line":10,"column":6},"end":{"line":12,"column":8}},"3":{"start":{"line":13,"column":6},"end":{"line":15,"column":8}},"4":{"start":{"line":18,"column":2},"end":{"line":52,"column":5}},"5":{"start":{"line":53,"column":2},"end":{"line":53,"column":17}}},"fnMap":{"0":{"name":"(anonymous_0)","decl":{"start":{"line":5,"column":17},"end":{"line":5,"column":18}},"loc":{"start":{"line":5,"column":43},"end":{"line":54,"column":1}},"line":5},"1":{"name":"(anonymous_1)","decl":{"start":{"line":8,"column":4},"end":{"line":8,"column":5}},"loc":{"start":{"line":8,"column":29},"end":{"line":16,"column":5}},"line":8}},"branchMap":{},"s":{"0":3,"1":3,"2":3,"3":3,"4":3,"5":3},"f":{"0":3,"1":3},"b":{},"_coverageSchema":"1a1c01bbd47fc00a2c39e90264f33305004495a9","hash":"feb4e3d574b981fbbb5438874cfe9573ae8ebf5f"}
,"C:\\Users\\INU\\BACKEND\\models\\post.js": {"path":"C:\\Users\\INU\\BACKEND\\models\\post.js","statementMap":{"0":{"start":{"line":2,"column":18},"end":{"line":2,"column":38}},"1":{"start":{"line":3,"column":0},"end":{"line":67,"column":2}},"2":{"start":{"line":12,"column":6},"end":{"line":14,"column":9}},"3":{"start":{"line":16,"column":6},"end":{"line":18,"column":9}},"4":{"start":{"line":19,"column":6},"end":{"line":21,"column":9}},"5":{"start":{"line":24,"column":2},"end":{"line":65,"column":4}},"6":{"start":{"line":66,"column":2},"end":{"line":66,"column":14}}},"fnMap":{"0":{"name":"(anonymous_0)","decl":{"start":{"line":3,"column":17},"end":{"line":3,"column":18}},"loc":{"start":{"line":3,"column":43},"end":{"line":67,"column":1}},"line":3},"1":{"name":"(anonymous_1)","decl":{"start":{"line":10,"column":4},"end":{"line":10,"column":5}},"loc":{"start":{"line":10,"column":29},"end":{"line":22,"column":5}},"line":10}},"branchMap":{},"s":{"0":3,"1":3,"2":3,"3":3,"4":3,"5":3,"6":3},"f":{"0":3,"1":3},"b":{},"_coverageSchema":"1a1c01bbd47fc00a2c39e90264f33305004495a9","hash":"c46710bac24b2e5b689b81eae9020c21f2bec490"}
,"C:\\Users\\INU\\BACKEND\\models\\rt.js": {"path":"C:\\Users\\INU\\BACKEND\\models\\rt.js","statementMap":{"0":{"start":{"line":2,"column":18},"end":{"line":2,"column":38}},"1":{"start":{"line":3,"column":0},"end":{"line":130,"column":2}},"2":{"start":{"line":7,"column":6},"end":{"line":9,"column":9}},"3":{"start":{"line":10,"column":6},"end":{"line":12,"column":9}},"4":{"start":{"line":13,"column":6},"end":{"line":15,"column":9}},"5":{"start":{"line":16,"column":6},"end":{"line":18,"column":9}},"6":{"start":{"line":19,"column":6},"end":{"line":21,"column":9}},"7":{"start":{"line":24,"column":2},"end":{"line":128,"column":4}},"8":{"start":{"line":129,"column":2},"end":{"line":129,"column":12}}},"fnMap":{"0":{"name":"(anonymous_0)","decl":{"start":{"line":3,"column":17},"end":{"line":3,"column":18}},"loc":{"start":{"line":3,"column":43},"end":{"line":130,"column":1}},"line":3},"1":{"name":"(anonymous_1)","decl":{"start":{"line":5,"column":4},"end":{"line":5,"column":5}},"loc":{"start":{"line":5,"column":29},"end":{"line":22,"column":5}},"line":5}},"branchMap":{},"s":{"0":3,"1":3,"2":3,"3":3,"4":3,"5":3,"6":3,"7":3,"8":3},"f":{"0":3,"1":3},"b":{},"_coverageSchema":"1a1c01bbd47fc00a2c39e90264f33305004495a9","hash":"f38f65935e937e45b5da9bfe9460976e19649ae5"}
,"C:\\Users\\INU\\BACKEND\\models\\service.js": {"path":"C:\\Users\\INU\\BACKEND\\models\\service.js","statementMap":{"0":{"start":{"line":2,"column":18},"end":{"line":2,"column":38}},"1":{"start":{"line":3,"column":0},"end":{"line":53,"column":2}},"2":{"start":{"line":7,"column":6},"end":{"line":9,"column":9}},"3":{"start":{"line":10,"column":6},"end":{"line":12,"column":9}},"4":{"start":{"line":13,"column":6},"end":{"line":15,"column":8}},"5":{"start":{"line":18,"column":2},"end":{"line":51,"column":4}},"6":{"start":{"line":52,"column":2},"end":{"line":52,"column":17}}},"fnMap":{"0":{"name":"(anonymous_0)","decl":{"start":{"line":3,"column":17},"end":{"line":3,"column":18}},"loc":{"start":{"line":3,"column":43},"end":{"line":53,"column":1}},"line":3},"1":{"name":"(anonymous_1)","decl":{"start":{"line":5,"column":4},"end":{"line":5,"column":5}},"loc":{"start":{"line":5,"column":29},"end":{"line":16,"column":5}},"line":5}},"branchMap":{},"s":{"0":3,"1":3,"2":3,"3":3,"4":3,"5":3,"6":3},"f":{"0":3,"1":3},"b":{},"_coverageSchema":"1a1c01bbd47fc00a2c39e90264f33305004495a9","hash":"03970d47017a5fd683ca42ec8449c9f73a615677"}
,"C:\\Users\\INU\\BACKEND\\models\\submission.js": {"path":"C:\\Users\\INU\\BACKEND\\models\\submission.js","statementMap":{"0":{"start":{"line":2,"column":18},"end":{"line":2,"column":38}},"1":{"start":{"line":3,"column":0},"end":{"line":51,"column":2}},"2":{"start":{"line":7,"column":6},"end":{"line":9,"column":9}},"3":{"start":{"line":11,"column":6},"end":{"line":13,"column":9}},"4":{"start":{"line":15,"column":6},"end":{"line":17,"column":9}},"5":{"start":{"line":19,"column":6},"end":{"line":21,"column":8}},"6":{"start":{"line":24,"column":2},"end":{"line":49,"column":4}},"7":{"start":{"line":50,"column":2},"end":{"line":50,"column":20}}},"fnMap":{"0":{"name":"(anonymous_0)","decl":{"start":{"line":3,"column":17},"end":{"line":3,"column":18}},"loc":{"start":{"line":3,"column":43},"end":{"line":51,"column":1}},"line":3},"1":{"name":"(anonymous_1)","decl":{"start":{"line":5,"column":4},"end":{"line":5,"column":5}},"loc":{"start":{"line":5,"column":29},"end":{"line":22,"column":5}},"line":5}},"branchMap":{},"s":{"0":3,"1":3,"2":3,"3":3,"4":3,"5":3,"6":3,"7":3},"f":{"0":3,"1":3},"b":{},"_coverageSchema":"1a1c01bbd47fc00a2c39e90264f33305004495a9","hash":"da8f8cfa9c42c64dfe126c08ab5faa286563016d"}
,"C:\\Users\\INU\\BACKEND\\models\\user.js": {"path":"C:\\Users\\INU\\BACKEND\\models\\user.js","statementMap":{"0":{"start":{"line":2,"column":25},"end":{"line":2,"column":53}},"1":{"start":{"line":3,"column":18},"end":{"line":3,"column":38}},"2":{"start":{"line":4,"column":0},"end":{"line":122,"column":2}},"3":{"start":{"line":8,"column":6},"end":{"line":10,"column":9}},"4":{"start":{"line":11,"column":6},"end":{"line":13,"column":9}},"5":{"start":{"line":14,"column":6},"end":{"line":16,"column":9}},"6":{"start":{"line":17,"column":6},"end":{"line":19,"column":9}},"7":{"start":{"line":20,"column":6},"end":{"line":22,"column":9}},"8":{"start":{"line":23,"column":6},"end":{"line":25,"column":9}},"9":{"start":{"line":26,"column":6},"end":{"line":28,"column":9}},"10":{"start":{"line":29,"column":6},"end":{"line":31,"column":9}},"11":{"start":{"line":34,"column":2},"end":{"line":117,"column":4}},"12":{"start":{"line":118,"column":2},"end":{"line":120,"column":5}},"13":{"start":{"line":119,"column":4},"end":{"line":119,"column":47}},"14":{"start":{"line":121,"column":2},"end":{"line":121,"column":14}}},"fnMap":{"0":{"name":"(anonymous_0)","decl":{"start":{"line":4,"column":17},"end":{"line":4,"column":18}},"loc":{"start":{"line":4,"column":43},"end":{"line":122,"column":1}},"line":4},"1":{"name":"(anonymous_1)","decl":{"start":{"line":6,"column":4},"end":{"line":6,"column":5}},"loc":{"start":{"line":6,"column":29},"end":{"line":32,"column":5}},"line":6},"2":{"name":"(anonymous_2)","decl":{"start":{"line":118,"column":20},"end":{"line":118,"column":21}},"loc":{"start":{"line":118,"column":38},"end":{"line":120,"column":3}},"line":118}},"branchMap":{},"s":{"0":3,"1":3,"2":3,"3":3,"4":3,"5":3,"6":3,"7":3,"8":3,"9":3,"10":3,"11":3,"12":3,"13":6,"14":3},"f":{"0":3,"1":3,"2":6},"b":{},"_coverageSchema":"1a1c01bbd47fc00a2c39e90264f33305004495a9","hash":"0226b05fb16c86800e7bb183d746fa506b4334a1"}
,"C:\\Users\\INU\\BACKEND\\models\\vehicle.js": {"path":"C:\\Users\\INU\\BACKEND\\models\\vehicle.js","statementMap":{"0":{"start":{"line":4,"column":4},"end":{"line":4,"column":24}},"1":{"start":{"line":5,"column":0},"end":{"line":42,"column":2}},"2":{"start":{"line":14,"column":6},"end":{"line":16,"column":8}},"3":{"start":{"line":19,"column":2},"end":{"line":40,"column":5}},"4":{"start":{"line":41,"column":2},"end":{"line":41,"column":17}}},"fnMap":{"0":{"name":"(anonymous_0)","decl":{"start":{"line":5,"column":17},"end":{"line":5,"column":18}},"loc":{"start":{"line":5,"column":43},"end":{"line":42,"column":1}},"line":5},"1":{"name":"(anonymous_1)","decl":{"start":{"line":12,"column":4},"end":{"line":12,"column":5}},"loc":{"start":{"line":12,"column":29},"end":{"line":17,"column":5}},"line":12}},"branchMap":{},"s":{"0":3,"1":3,"2":3,"3":3,"4":3},"f":{"0":3,"1":3},"b":{},"_coverageSchema":"1a1c01bbd47fc00a2c39e90264f33305004495a9","hash":"fded26c8938c09fcc177df4eaba8e50b317dee66"}
,"C:\\Users\\INU\\BACKEND\\routes\\admin.js": {"path":"C:\\Users\\INU\\BACKEND\\routes\\admin.js","statementMap":{"0":{"start":{"line":1,"column":15},"end":{"line":1,"column":42}},"1":{"start":{"line":2,"column":24},"end":{"line":2,"column":65}},"2":{"start":{"line":3,"column":27},"end":{"line":3,"column":67}},"3":{"start":{"line":4,"column":31},"end":{"line":4,"column":70}},"4":{"start":{"line":7,"column":0},"end":{"line":7,"column":96}},"5":{"start":{"line":9,"column":0},"end":{"line":9,"column":23}}},"fnMap":{},"branchMap":{},"s":{"0":3,"1":3,"2":3,"3":3,"4":3,"5":3},"f":{},"b":{},"_coverageSchema":"1a1c01bbd47fc00a2c39e90264f33305004495a9","hash":"7273841f838a60032d9e7e22223507c8f81e3beb"}
,"C:\\Users\\INU\\BACKEND\\routes\\event.js": {"path":"C:\\Users\\INU\\BACKEND\\routes\\event.js","statementMap":{"0":{"start":{"line":1,"column":15},"end":{"line":1,"column":42}},"1":{"start":{"line":2,"column":24},"end":{"line":2,"column":65}},"2":{"start":{"line":3,"column":27},"end":{"line":3,"column":67}},"3":{"start":{"line":4,"column":28},"end":{"line":4,"column":67}},"4":{"start":{"line":6,"column":0},"end":{"line":6,"column":67}},"5":{"start":{"line":7,"column":0},"end":{"line":7,"column":67}},"6":{"start":{"line":8,"column":0},"end":{"line":8,"column":80}},"7":{"start":{"line":9,"column":0},"end":{"line":9,"column":83}},"8":{"start":{"line":11,"column":0},"end":{"line":11,"column":86}},"9":{"start":{"line":12,"column":0},"end":{"line":12,"column":70}},"10":{"start":{"line":13,"column":0},"end":{"line":13,"column":89}},"11":{"start":{"line":15,"column":0},"end":{"line":15,"column":24}}},"fnMap":{},"branchMap":{},"s":{"0":3,"1":3,"2":3,"3":3,"4":3,"5":3,"6":3,"7":3,"8":3,"9":3,"10":3,"11":3},"f":{},"b":{},"_coverageSchema":"1a1c01bbd47fc00a2c39e90264f33305004495a9","hash":"d6fcae864935dce5621af34d86722191d0aa8b57"}
,"C:\\Users\\INU\\BACKEND\\routes\\index.js": {"path":"C:\\Users\\INU\\BACKEND\\routes\\index.js","statementMap":{"0":{"start":{"line":1,"column":16},"end":{"line":1,"column":34}},"1":{"start":{"line":2,"column":15},"end":{"line":2,"column":31}},"2":{"start":{"line":3,"column":20},"end":{"line":3,"column":38}},"3":{"start":{"line":4,"column":20},"end":{"line":4,"column":38}},"4":{"start":{"line":5,"column":22},"end":{"line":5,"column":42}},"5":{"start":{"line":6,"column":17},"end":{"line":6,"column":32}},"6":{"start":{"line":7,"column":20},"end":{"line":7,"column":38}},"7":{"start":{"line":8,"column":16},"end":{"line":8,"column":36}},"8":{"start":{"line":10,"column":0},"end":{"line":10,"column":24}},"9":{"start":{"line":11,"column":0},"end":{"line":11,"column":24}},"10":{"start":{"line":12,"column":0},"end":{"line":12,"column":26}},"11":{"start":{"line":13,"column":0},"end":{"line":13,"column":21}},"12":{"start":{"line":14,"column":0},"end":{"line":14,"column":24}},"13":{"start":{"line":15,"column":0},"end":{"line":15,"column":20}},"14":{"start":{"line":17,"column":0},"end":{"line":17,"column":24}}},"fnMap":{},"branchMap":{},"s":{"0":3,"1":3,"2":3,"3":3,"4":3,"5":3,"6":3,"7":3,"8":3,"9":3,"10":3,"11":3,"12":3,"13":3,"14":3},"f":{},"b":{},"_coverageSchema":"1a1c01bbd47fc00a2c39e90264f33305004495a9","hash":"8c12b86ef1ac23d1c039e5b5defc379e35b020b0"}
,"C:\\Users\\INU\\BACKEND\\routes\\payment.js": {"path":"C:\\Users\\INU\\BACKEND\\routes\\payment.js","statementMap":{"0":{"start":{"line":1,"column":15},"end":{"line":1,"column":42}},"1":{"start":{"line":2,"column":26},"end":{"line":2,"column":69}},"2":{"start":{"line":4,"column":0},"end":{"line":4,"column":57}},"3":{"start":{"line":5,"column":0},"end":{"line":5,"column":57}},"4":{"start":{"line":7,"column":0},"end":{"line":7,"column":24}}},"fnMap":{},"branchMap":{},"s":{"0":3,"1":3,"2":3,"3":3,"4":3},"f":{},"b":{},"_coverageSchema":"1a1c01bbd47fc00a2c39e90264f33305004495a9","hash":"30df251f98ae63031ee3c7b01e0768963d913ec7"}
,"C:\\Users\\INU\\BACKEND\\routes\\rt.js": {"path":"C:\\Users\\INU\\BACKEND\\routes\\rt.js","statementMap":{"0":{"start":{"line":1,"column":15},"end":{"line":1,"column":42}},"1":{"start":{"line":2,"column":21},"end":{"line":2,"column":59}},"2":{"start":{"line":3,"column":23},"end":{"line":3,"column":63}},"3":{"start":{"line":4,"column":18},"end":{"line":4,"column":58}},"4":{"start":{"line":5,"column":27},"end":{"line":5,"column":67}},"5":{"start":{"line":6,"column":27},"end":{"line":6,"column":66}},"6":{"start":{"line":8,"column":0},"end":{"line":8,"column":39}},"7":{"start":{"line":10,"column":0},"end":{"line":10,"column":46}},"8":{"start":{"line":11,"column":0},"end":{"line":11,"column":52}},"9":{"start":{"line":12,"column":0},"end":{"line":12,"column":103}},"10":{"start":{"line":14,"column":0},"end":{"line":14,"column":99}},"11":{"start":{"line":15,"column":0},"end":{"line":15,"column":103}},"12":{"start":{"line":17,"column":0},"end":{"line":17,"column":83}},"13":{"start":{"line":18,"column":0},"end":{"line":18,"column":69}},"14":{"start":{"line":19,"column":0},"end":{"line":19,"column":83}},"15":{"start":{"line":20,"column":0},"end":{"line":20,"column":86}},"16":{"start":{"line":21,"column":0},"end":{"line":21,"column":89}},"17":{"start":{"line":22,"column":0},"end":{"line":22,"column":123}},"18":{"start":{"line":24,"column":0},"end":{"line":24,"column":24}}},"fnMap":{},"branchMap":{},"s":{"0":3,"1":3,"2":3,"3":3,"4":3,"5":3,"6":3,"7":3,"8":3,"9":3,"10":3,"11":3,"12":3,"13":3,"14":3,"15":3,"16":3,"17":3,"18":3},"f":{},"b":{},"_coverageSchema":"1a1c01bbd47fc00a2c39e90264f33305004495a9","hash":"b4767c089d3fb59d4cff59b46c9b53231cbcc95b"}
,"C:\\Users\\INU\\BACKEND\\routes\\service.js": {"path":"C:\\Users\\INU\\BACKEND\\routes\\service.js","statementMap":{"0":{"start":{"line":1,"column":88},"end":{"line":1,"column":131}},"1":{"start":{"line":2,"column":224},"end":{"line":2,"column":270}},"2":{"start":{"line":3,"column":15},"end":{"line":3,"column":43}},"3":{"start":{"line":4,"column":27},"end":{"line":4,"column":67}},"4":{"start":{"line":5,"column":16},"end":{"line":5,"column":43}},"5":{"start":{"line":7,"column":0},"end":{"line":7,"column":57}},"6":{"start":{"line":8,"column":0},"end":{"line":8,"column":57}},"7":{"start":{"line":9,"column":0},"end":{"line":9,"column":77}},"8":{"start":{"line":10,"column":0},"end":{"line":10,"column":80}},"9":{"start":{"line":11,"column":0},"end":{"line":11,"column":76}},"10":{"start":{"line":12,"column":0},"end":{"line":12,"column":62}},"11":{"start":{"line":13,"column":0},"end":{"line":13,"column":70}},"12":{"start":{"line":14,"column":0},"end":{"line":14,"column":65}},"13":{"start":{"line":15,"column":0},"end":{"line":15,"column":70}},"14":{"start":{"line":16,"column":0},"end":{"line":16,"column":99}},"15":{"start":{"line":17,"column":0},"end":{"line":17,"column":79}},"16":{"start":{"line":18,"column":0},"end":{"line":18,"column":74}},"17":{"start":{"line":19,"column":0},"end":{"line":19,"column":79}},"18":{"start":{"line":20,"column":0},"end":{"line":20,"column":102}},"19":{"start":{"line":23,"column":0},"end":{"line":23,"column":25}}},"fnMap":{},"branchMap":{},"s":{"0":3,"1":3,"2":3,"3":3,"4":3,"5":3,"6":3,"7":3,"8":3,"9":3,"10":3,"11":3,"12":3,"13":3,"14":3,"15":3,"16":3,"17":3,"18":3,"19":3},"f":{},"b":{},"_coverageSchema":"1a1c01bbd47fc00a2c39e90264f33305004495a9","hash":"8ac8fd37ee64a023ff3757ca18960c11197f0c84"}
,"C:\\Users\\INU\\BACKEND\\routes\\warga.js": {"path":"C:\\Users\\INU\\BACKEND\\routes\\warga.js","statementMap":{"0":{"start":{"line":1,"column":15},"end":{"line":1,"column":42}},"1":{"start":{"line":2,"column":23},"end":{"line":2,"column":63}},"2":{"start":{"line":3,"column":15},"end":{"line":3,"column":43}},"3":{"start":{"line":4,"column":27},"end":{"line":4,"column":67}},"4":{"start":{"line":5,"column":93},"end":{"line":5,"column":132}},"5":{"start":{"line":7,"column":0},"end":{"line":10,"column":2}},"6":{"start":{"line":8,"column":4},"end":{"line":9,"column":44}},"7":{"start":{"line":18,"column":0},"end":{"line":18,"column":43}},"8":{"start":{"line":19,"column":0},"end":{"line":19,"column":55}},"9":{"start":{"line":20,"column":0},"end":{"line":20,"column":66}},"10":{"start":{"line":23,"column":0},"end":{"line":23,"column":73}},"11":{"start":{"line":24,"column":0},"end":{"line":24,"column":102}},"12":{"start":{"line":25,"column":0},"end":{"line":25,"column":105}},"13":{"start":{"line":28,"column":0},"end":{"line":28,"column":66}},"14":{"start":{"line":29,"column":0},"end":{"line":29,"column":93}},"15":{"start":{"line":32,"column":0},"end":{"line":32,"column":71}},"16":{"start":{"line":33,"column":0},"end":{"line":33,"column":101}},"17":{"start":{"line":35,"column":0},"end":{"line":35,"column":90}},"18":{"start":{"line":36,"column":0},"end":{"line":36,"column":91}},"19":{"start":{"line":37,"column":0},"end":{"line":37,"column":99}},"20":{"start":{"line":38,"column":0},"end":{"line":38,"column":97}},"21":{"start":{"line":39,"column":0},"end":{"line":39,"column":94}},"22":{"start":{"line":40,"column":0},"end":{"line":40,"column":66}},"23":{"start":{"line":42,"column":0},"end":{"line":42,"column":23}}},"fnMap":{"0":{"name":"(anonymous_0)","decl":{"start":{"line":7,"column":16},"end":{"line":7,"column":17}},"loc":{"start":{"line":7,"column":30},"end":{"line":10,"column":1}},"line":7}},"branchMap":{},"s":{"0":3,"1":3,"2":3,"3":3,"4":3,"5":3,"6":0,"7":3,"8":3,"9":3,"10":3,"11":3,"12":3,"13":3,"14":3,"15":3,"16":3,"17":3,"18":3,"19":3,"20":3,"21":3,"22":3,"23":3},"f":{"0":0},"b":{},"_coverageSchema":"1a1c01bbd47fc00a2c39e90264f33305004495a9","hash":"e354547564c28c81eed3e2bda3a996c46f7eb857"}
}
