TN:
SF:app.js
FNF:0
FNH:0
DA:1,4
DA:2,4
DA:5,4
DA:6,4
DA:7,4
DA:8,4
DA:9,4
DA:10,4
DA:12,4
DA:13,4
DA:14,4
DA:16,4
DA:17,4
DA:19,4
LF:14
LH:14
BRDA:1,0,0,4
BRDA:1,0,1,0
BRDA:7,1,0,4
BRDA:7,1,1,4
BRF:4
BRH:3
end_of_record
TN:
SF:controllers\controllerAdmin.js
FN:4,(anonymous_0)
FNF:1
FNH:0
FNDA:0,(anonymous_0)
DA:1,4
DA:5,0
DA:6,0
DA:7,0
DA:9,0
DA:20,0
DA:22,0
DA:23,0
DA:30,4
LF:9
LH:2
BRF:0
BRH:0
end_of_record
TN:
SF:controllers\controllerEvent.js
FN:4,(anonymous_0)
FN:20,(anonymous_1)
FN:37,(anonymous_2)
FN:52,(anonymous_3)
FN:72,(anonymous_4)
FN:100,(anonymous_5)
FN:125,(anonymous_6)
FNF:7
FNH:4
FNDA:1,(anonymous_0)
FNDA:1,(anonymous_1)
FNDA:1,(anonymous_2)
FNDA:0,(anonymous_3)
FNDA:2,(anonymous_4)
FNDA:0,(anonymous_5)
FNDA:0,(anonymous_6)
DA:1,4
DA:2,4
DA:5,1
DA:6,1
DA:12,1
DA:14,1
DA:16,0
DA:21,1
DA:22,1
DA:29,1
DA:31,1
DA:33,0
DA:38,1
DA:39,1
DA:46,1
DA:48,0
DA:53,0
DA:54,0
DA:56,0
DA:64,0
DA:66,0
DA:68,0
DA:73,2
DA:74,2
DA:75,2
DA:76,2
DA:79,0
DA:91,0
DA:93,0
DA:95,2
DA:96,2
DA:102,0
DA:103,0
DA:104,0
DA:106,0
DA:107,0
DA:109,0
DA:110,0
DA:112,0
DA:117,0
DA:119,0
DA:121,0
DA:126,0
DA:127,0
DA:129,0
DA:130,0
DA:132,0
DA:134,0
DA:138,0
DA:140,0
DA:142,0
DA:147,4
LF:52
LH:20
BRDA:64,0,0,0
BRDA:64,0,1,0
BRDA:75,1,0,2
BRDA:75,1,1,0
BRDA:75,2,0,2
BRDA:75,2,1,2
BRDA:75,2,2,2
BRDA:75,2,3,2
BRDA:75,2,4,2
BRDA:75,2,5,1
BRDA:106,3,0,0
BRDA:106,3,1,0
BRDA:106,4,0,0
BRDA:106,4,1,0
BRDA:106,4,2,0
BRDA:106,4,3,0
BRDA:106,4,4,0
BRDA:106,4,5,0
BRDA:110,5,0,0
BRDA:110,5,1,0
BRDA:130,6,0,0
BRDA:130,6,1,0
BRDA:132,7,0,0
BRDA:132,7,1,0
BRF:24
BRH:7
end_of_record
TN:
SF:controllers\controllerRt.js
FN:15,(anonymous_0)
FN:54,(anonymous_1)
FN:68,(anonymous_2)
FN:101,(anonymous_3)
FN:157,(anonymous_4)
FN:178,(anonymous_5)
FN:198,(anonymous_6)
FN:242,(anonymous_7)
FN:294,(anonymous_8)
FN:314,(anonymous_9)
FN:345,(anonymous_10)
FNF:11
FNH:2
FNDA:32,(anonymous_0)
FNDA:0,(anonymous_1)
FNDA:2,(anonymous_2)
FNDA:0,(anonymous_3)
FNDA:0,(anonymous_4)
FNDA:0,(anonymous_5)
FNDA:0,(anonymous_6)
FNDA:0,(anonymous_7)
FNDA:0,(anonymous_8)
FNDA:0,(anonymous_9)
FNDA:0,(anonymous_10)
DA:9,4
DA:10,4
DA:11,4
DA:12,4
DA:16,32
DA:17,32
DA:18,32
DA:19,30
DA:21,29
DA:27,29
DA:28,29
DA:29,29
DA:31,29
DA:32,29
DA:36,29
DA:38,28
DA:41,28
DA:47,28
DA:49,4
DA:50,4
DA:55,0
DA:56,0
DA:61,0
DA:63,0
DA:64,0
DA:70,2
DA:72,2
DA:74,2
DA:77,2
DA:79,0
DA:82,1
DA:93,0
DA:94,0
DA:96,2
DA:97,2
DA:103,0
DA:105,0
DA:107,0
DA:118,0
DA:119,0
DA:121,0
DA:122,0
DA:159,0
DA:160,0
DA:161,0
DA:164,0
DA:165,0
DA:167,0
DA:168,0
DA:171,0
DA:173,0
DA:174,0
DA:179,0
DA:180,0
DA:181,0
DA:183,0
DA:184,0
DA:187,0
DA:189,0
DA:193,0
DA:194,0
DA:199,0
DA:201,0
DA:203,0
DA:205,0
DA:206,0
DA:209,0
DA:210,0
DA:235,0
DA:237,0
DA:238,0
DA:243,0
DA:262,0
DA:264,0
DA:287,0
DA:289,0
DA:290,0
DA:295,0
DA:296,0
DA:297,0
DA:299,0
DA:300,0
DA:303,0
DA:305,0
DA:309,0
DA:310,0
DA:315,0
DA:316,0
DA:317,0
DA:319,0
DA:320,0
DA:322,0
DA:323,0
DA:324,0
DA:327,0
DA:328,0
DA:330,0
DA:337,0
DA:339,0
DA:341,0
DA:346,0
DA:347,0
DA:365,0
DA:366,0
DA:367,0
DA:368,0
DA:374,0
DA:396,0
DA:400,0
DA:401,0
DA:406,4
LF:111
LH:28
BRDA:18,0,0,2
BRDA:18,0,1,30
BRDA:19,1,0,1
BRDA:19,1,1,29
BRDA:27,2,0,0
BRDA:27,2,1,29
BRDA:28,3,0,0
BRDA:28,3,1,29
BRDA:31,4,0,0
BRDA:31,4,1,29
BRDA:36,5,0,1
BRDA:36,5,1,28
BRDA:77,6,0,0
BRDA:77,6,1,1
BRDA:164,7,0,0
BRDA:164,7,1,0
BRDA:183,8,0,0
BRDA:183,8,1,0
BRDA:205,9,0,0
BRDA:205,9,1,0
BRDA:299,10,0,0
BRDA:299,10,1,0
BRDA:320,11,0,0
BRDA:320,11,1,0
BRDA:322,12,0,0
BRDA:322,12,1,0
BRDA:328,13,0,0
BRDA:328,13,1,0
BRDA:367,14,0,0
BRDA:367,14,1,0
BRF:30
BRH:10
end_of_record
TN:
SF:controllers\controllerService.js
FN:4,(anonymous_0)
FN:24,(anonymous_1)
FN:51,(anonymous_2)
FN:83,(anonymous_3)
FN:101,(anonymous_4)
FNF:5
FNH:5
FNDA:4,(anonymous_0)
FNDA:2,(anonymous_1)
FNDA:2,(anonymous_2)
FNDA:3,(anonymous_3)
FNDA:2,(anonymous_4)
DA:1,4
DA:5,4
DA:6,4
DA:8,4
DA:16,2
DA:18,2
DA:20,2
DA:25,2
DA:26,2
DA:43,2
DA:45,2
DA:47,0
DA:52,2
DA:53,2
DA:55,2
DA:72,2
DA:73,2
DA:75,1
DA:77,1
DA:79,1
DA:84,3
DA:85,3
DA:86,3
DA:88,3
DA:89,3
DA:91,2
DA:93,1
DA:95,1
DA:97,2
DA:102,2
DA:103,2
DA:105,2
DA:106,2
DA:108,1
DA:110,1
DA:114,1
DA:116,1
DA:118,1
DA:123,4
LF:39
LH:38
BRDA:73,0,0,1
BRDA:73,0,1,1
BRDA:75,1,0,0
BRDA:75,1,1,1
BRDA:89,2,0,1
BRDA:89,2,1,2
BRDA:106,3,0,1
BRDA:106,3,1,1
BRDA:108,4,0,0
BRDA:108,4,1,1
BRF:10
BRH:8
end_of_record
TN:
SF:controllers\controllerSubmission.js
FN:7,(anonymous_0)
FN:44,(anonymous_1)
FN:67,(anonymous_2)
FN:101,(anonymous_3)
FN:132,(anonymous_4)
FN:163,(anonymous_5)
FN:199,(anonymous_6)
FN:229,(anonymous_7)
FN:247,(anonymous_8)
FN:288,(anonymous_9)
FNF:10
FNH:9
FNDA:1,(anonymous_0)
FNDA:0,(anonymous_1)
FNDA:1,(anonymous_2)
FNDA:1,(anonymous_3)
FNDA:1,(anonymous_4)
FNDA:1,(anonymous_5)
FNDA:1,(anonymous_6)
FNDA:1,(anonymous_7)
FNDA:3,(anonymous_8)
FNDA:1,(anonymous_9)
DA:1,4
DA:2,4
DA:3,4
DA:4,4
DA:9,1
DA:10,1
DA:11,1
DA:12,1
DA:14,1
DA:15,1
DA:17,1
DA:19,1
DA:29,1
DA:30,0
DA:31,0
DA:33,0
DA:39,0
DA:45,0
DA:47,0
DA:48,0
DA:56,1
DA:59,1
DA:61,1
DA:63,0
DA:68,1
DA:69,1
DA:71,1
DA:91,1
DA:93,1
DA:95,1
DA:97,0
DA:102,1
DA:103,1
DA:124,1
DA:126,1
DA:128,0
DA:133,1
DA:134,1
DA:155,1
DA:157,1
DA:159,0
DA:164,1
DA:165,1
DA:167,1
DA:187,1
DA:188,0
DA:191,1
DA:193,1
DA:195,0
DA:200,1
DA:201,1
DA:203,1
DA:220,1
DA:221,1
DA:223,1
DA:225,0
DA:230,1
DA:231,1
DA:232,1
DA:234,1
DA:235,1
DA:237,1
DA:239,1
DA:243,0
DA:248,3
DA:249,3
DA:250,3
DA:252,3
DA:253,3
DA:255,3
DA:256,3
DA:258,3
DA:260,3
DA:261,3
DA:263,3
DA:270,3
DA:272,3
DA:273,1
DA:274,2
DA:275,1
DA:276,1
DA:277,1
DA:282,3
DA:284,0
DA:289,1
DA:290,1
DA:292,1
DA:293,1
DA:295,1
DA:299,1
DA:303,0
DA:308,4
LF:92
LH:75
BRDA:15,0,0,0
BRDA:15,0,1,1
BRDA:17,1,0,0
BRDA:17,1,1,1
BRDA:29,2,0,0
BRDA:29,2,1,1
BRDA:45,3,0,0
BRDA:45,3,1,0
BRDA:187,4,0,0
BRDA:187,4,1,1
BRDA:221,5,0,0
BRDA:221,5,1,1
BRDA:235,6,0,0
BRDA:235,6,1,1
BRDA:253,7,0,0
BRDA:253,7,1,3
BRDA:256,8,0,0
BRDA:256,8,1,3
BRDA:261,9,0,0
BRDA:261,9,1,3
BRDA:272,10,0,1
BRDA:272,10,1,2
BRDA:274,11,0,1
BRDA:274,11,1,1
BRDA:276,12,0,1
BRDA:276,12,1,0
BRDA:293,13,0,0
BRDA:293,13,1,1
BRF:28
BRH:15
end_of_record
TN:
SF:controllers\controllerUser.js
FN:15,(anonymous_0)
FN:60,(anonymous_1)
FN:97,(anonymous_2)
FN:120,(anonymous_3)
FN:161,(anonymous_4)
FN:221,(anonymous_5)
FN:238,(anonymous_6)
FN:262,(anonymous_7)
FN:279,(anonymous_8)
FN:303,(anonymous_9)
FN:320,(anonymous_10)
FN:344,(anonymous_11)
FN:361,(anonymous_12)
FN:387,(anonymous_13)
FN:401,(anonymous_14)
FN:430,(anonymous_15)
FN:447,(anonymous_16)
FN:461,(anonymous_17)
FN:478,(anonymous_18)
FN:492,(anonymous_19)
FNF:20
FNH:2
FNDA:3,(anonymous_0)
FNDA:7,(anonymous_1)
FNDA:0,(anonymous_2)
FNDA:0,(anonymous_3)
FNDA:0,(anonymous_4)
FNDA:0,(anonymous_5)
FNDA:0,(anonymous_6)
FNDA:0,(anonymous_7)
FNDA:0,(anonymous_8)
FNDA:0,(anonymous_9)
FNDA:0,(anonymous_10)
FNDA:0,(anonymous_11)
FNDA:0,(anonymous_12)
FNDA:0,(anonymous_13)
FNDA:0,(anonymous_14)
FNDA:0,(anonymous_15)
FNDA:0,(anonymous_16)
FNDA:0,(anonymous_17)
FNDA:0,(anonymous_18)
FNDA:0,(anonymous_19)
DA:9,4
DA:10,4
DA:11,4
DA:12,4
DA:13,4
DA:16,3
DA:25,3
DA:27,3
DA:28,3
DA:29,2
DA:32,1
DA:45,0
DA:52,0
DA:53,0
DA:55,3
DA:56,3
DA:61,7
DA:62,7
DA:63,7
DA:64,6
DA:66,5
DA:72,5
DA:73,3
DA:74,2
DA:76,2
DA:77,2
DA:81,2
DA:82,2
DA:84,2
DA:90,2
DA:92,5
DA:93,5
DA:98,0
DA:99,0
DA:100,0
DA:101,0
DA:104,0
DA:113,0
DA:115,0
DA:121,0
DA:122,0
DA:124,0
DA:148,0
DA:149,0
DA:154,0
DA:156,0
DA:157,0
DA:162,0
DA:163,0
DA:181,0
DA:182,0
DA:183,0
DA:184,0
DA:190,0
DA:212,0
DA:216,0
DA:217,0
DA:222,0
DA:223,0
DA:225,0
DA:227,0
DA:233,0
DA:239,0
DA:240,0
DA:242,0
DA:243,0
DA:251,0
DA:256,0
DA:258,0
DA:263,0
DA:264,0
DA:266,0
DA:268,0
DA:274,0
DA:280,0
DA:281,0
DA:283,0
DA:284,0
DA:292,0
DA:297,0
DA:299,0
DA:304,0
DA:305,0
DA:307,0
DA:309,0
DA:315,0
DA:321,0
DA:322,0
DA:324,0
DA:325,0
DA:333,0
DA:338,0
DA:340,0
DA:345,0
DA:346,0
DA:348,0
DA:350,0
DA:356,0
DA:362,0
DA:363,0
DA:365,0
DA:366,0
DA:374,0
DA:379,0
DA:381,0
DA:388,0
DA:389,0
DA:390,0
DA:395,0
DA:397,0
DA:402,0
DA:403,0
DA:404,0
DA:405,0
DA:406,0
DA:407,0
DA:413,0
DA:421,0
DA:425,0
DA:426,0
DA:431,0
DA:432,0
DA:433,0
DA:435,0
DA:437,0
DA:441,0
DA:442,0
DA:448,0
DA:449,0
DA:450,0
DA:455,0
DA:457,0
DA:462,0
DA:463,0
DA:464,0
DA:466,0
DA:468,0
DA:472,0
DA:473,0
DA:479,0
DA:480,0
DA:481,0
DA:486,0
DA:488,0
DA:493,0
DA:494,0
DA:495,0
DA:497,0
DA:499,0
DA:503,0
DA:504,0
DA:509,4
LF:152
LH:30
BRDA:28,0,0,2
BRDA:28,0,1,1
BRDA:63,1,0,1
BRDA:63,1,1,6
BRDA:64,2,0,1
BRDA:64,2,1,5
BRDA:72,3,0,2
BRDA:72,3,1,3
BRDA:73,4,0,1
BRDA:73,4,1,2
BRDA:76,5,0,0
BRDA:76,5,1,2
BRDA:100,6,0,0
BRDA:100,6,1,0
BRDA:148,7,0,0
BRDA:148,7,1,0
BRDA:183,8,0,0
BRDA:183,8,1,0
BRDA:240,9,0,0
BRDA:240,9,1,0
BRDA:281,10,0,0
BRDA:281,10,1,0
BRDA:322,11,0,0
BRDA:322,11,1,0
BRDA:363,12,0,0
BRDA:363,12,1,0
BRDA:406,13,0,0
BRDA:406,13,1,0
BRF:28
BRH:11
end_of_record
TN:
SF:helpers\bcrypt.js
FN:3,(anonymous_0)
FN:7,(anonymous_1)
FNF:2
FNH:2
FNDA:2,(anonymous_0)
FNDA:31,(anonymous_1)
DA:1,4
DA:3,4
DA:4,2
DA:7,4
DA:8,31
DA:11,4
LF:6
LH:6
BRF:0
BRH:0
end_of_record
TN:
SF:helpers\jwt.js
FN:5,(anonymous_0)
FN:7,(anonymous_1)
FNF:2
FNH:2
FNDA:30,(anonymous_0)
FNDA:33,(anonymous_1)
DA:1,4
DA:3,4
DA:5,30
DA:7,33
DA:9,4
LF:5
LH:5
BRF:0
BRH:0
end_of_record
TN:
SF:helpers\multer.js
FN:4,(anonymous_0)
FNF:1
FNH:0
FNDA:0,(anonymous_0)
DA:1,4
DA:2,4
DA:4,4
DA:5,0
DA:6,0
DA:8,0
DA:12,4
DA:14,4
LF:8
LH:5
BRDA:5,0,0,0
BRDA:5,0,1,0
BRDA:5,1,0,0
BRDA:5,1,1,0
BRDA:5,1,2,0
BRF:5
BRH:0
end_of_record
TN:
SF:helpers\serviceSMTP.js
FN:4,sendEmailToResidents
FNF:1
FNH:0
FNDA:0,sendEmailToResidents
DA:1,4
DA:2,4
DA:6,0
DA:17,0
DA:18,0
DA:19,0
DA:20,0
DA:22,0
DA:32,0
DA:33,0
DA:36,4
LF:11
LH:3
BRDA:19,0,0,0
BRDA:19,0,1,0
BRF:2
BRH:0
end_of_record
TN:
SF:helpers\smtp.js
FN:4,sendEmailToResidents
FNF:1
FNH:0
FNDA:0,sendEmailToResidents
DA:1,4
DA:2,4
DA:6,0
DA:16,0
DA:20,0
DA:24,0
DA:25,0
DA:38,0
DA:42,4
LF:9
LH:3
BRF:0
BRH:0
end_of_record
TN:
SF:middlewares\authentication.js
FN:6,authentication
FNF:1
FNH:1
FNDA:38,authentication
DA:1,4
DA:2,4
DA:3,4
DA:4,4
DA:7,38
DA:8,38
DA:10,38
DA:11,5
DA:16,33
DA:17,30
DA:19,30
DA:20,0
DA:25,30
DA:32,30
DA:34,8
DA:35,8
DA:39,4
LF:17
LH:16
BRDA:10,0,0,5
BRDA:10,0,1,33
BRDA:19,1,0,0
BRDA:19,1,1,30
BRF:4
BRH:3
end_of_record
TN:
SF:middlewares\authorization.js
FN:3,authorizationRt
FN:17,authorizationAdmin
FN:32,authorizationKendaraan
FN:48,authorizationTamu
FN:63,authorizationComment
FNF:5
FNH:2
FNDA:2,authorizationRt
FNDA:1,authorizationAdmin
FNDA:0,authorizationKendaraan
FNDA:0,authorizationTamu
FNDA:0,authorizationComment
DA:1,4
DA:4,2
DA:5,2
DA:8,2
DA:11,2
DA:13,0
DA:14,0
DA:18,1
DA:19,1
DA:22,1
DA:25,0
DA:27,1
DA:28,1
DA:33,0
DA:34,0
DA:35,0
DA:36,0
DA:37,0
DA:38,0
DA:40,0
DA:42,0
DA:43,0
DA:49,0
DA:50,0
DA:51,0
DA:52,0
DA:53,0
DA:54,0
DA:56,0
DA:58,0
DA:59,0
DA:64,0
DA:65,0
DA:66,0
DA:67,0
DA:68,0
DA:69,0
DA:71,0
DA:73,0
DA:74,0
DA:78,4
LF:41
LH:11
BRDA:8,0,0,0
BRDA:8,0,1,2
BRDA:8,1,0,2
BRDA:8,1,1,2
BRDA:22,2,0,1
BRDA:22,2,1,0
BRDA:22,3,0,1
BRDA:22,3,1,1
BRDA:22,3,2,0
BRDA:36,4,0,0
BRDA:36,4,1,0
BRDA:37,5,0,0
BRDA:37,5,1,0
BRDA:52,6,0,0
BRDA:52,6,1,0
BRDA:53,7,0,0
BRDA:53,7,1,0
BRDA:67,8,0,0
BRDA:67,8,1,0
BRDA:68,9,0,0
BRDA:68,9,1,0
BRF:21
BRH:6
end_of_record
TN:
SF:middlewares\errorHandler.js
FN:1,(anonymous_0)
FNF:1
FNH:1
FNDA:31,(anonymous_0)
DA:1,4
DA:4,31
DA:6,2
DA:7,2
DA:8,2
DA:11,1
DA:12,1
DA:13,1
DA:17,3
DA:18,3
DA:19,3
DA:20,3
DA:23,2
DA:24,2
DA:25,2
DA:28,3
DA:29,3
DA:30,3
DA:33,2
DA:34,2
DA:35,2
DA:38,2
DA:39,2
DA:40,2
DA:43,0
DA:44,0
DA:45,0
DA:48,0
DA:49,0
DA:50,0
DA:54,8
DA:55,8
DA:56,8
DA:59,2
DA:60,2
DA:61,2
DA:64,0
DA:65,0
DA:66,0
DA:69,0
DA:70,0
DA:71,0
DA:74,3
DA:75,3
DA:76,3
DA:79,0
DA:80,0
DA:81,0
DA:84,3
DA:85,3
DA:86,3
DA:89,31
LF:52
LH:37
BRDA:4,0,0,2
BRDA:4,0,1,1
BRDA:4,0,2,3
BRDA:4,0,3,3
BRDA:4,0,4,2
BRDA:4,0,5,3
BRDA:4,0,6,2
BRDA:4,0,7,2
BRDA:4,0,8,0
BRDA:4,0,9,0
BRDA:4,0,10,3
BRDA:4,0,11,8
BRDA:4,0,12,2
BRDA:4,0,13,0
BRDA:4,0,14,0
BRDA:4,0,15,3
BRDA:4,0,16,0
BRDA:4,0,17,3
BRF:18
BRH:13
end_of_record
TN:
SF:models\attachment.js
FN:3,(anonymous_0)
FN:5,(anonymous_1)
FNF:2
FNH:1
FNDA:4,(anonymous_0)
FNDA:0,(anonymous_1)
DA:2,4
DA:3,4
DA:7,0
DA:12,4
DA:22,4
LF:5
LH:4
BRF:0
BRH:0
end_of_record
TN:
SF:models\attachments.js
FN:3,(anonymous_0)
FN:5,(anonymous_1)
FNF:2
FNH:2
FNDA:4,(anonymous_0)
FNDA:4,(anonymous_1)
DA:2,4
DA:3,4
DA:7,4
DA:12,4
DA:22,4
LF:5
LH:5
BRF:0
BRH:0
end_of_record
TN:
SF:models\comment.js
FN:5,(anonymous_0)
FN:7,(anonymous_1)
FNF:2
FNH:2
FNDA:4,(anonymous_0)
FNDA:4,(anonymous_1)
DA:4,4
DA:5,4
DA:9,4
DA:12,4
DA:17,4
DA:39,4
LF:6
LH:6
BRF:0
BRH:0
end_of_record
TN:
SF:models\guest.js
FN:5,(anonymous_0)
FN:7,(anonymous_1)
FNF:2
FNH:2
FNDA:4,(anonymous_0)
FNDA:4,(anonymous_1)
DA:4,4
DA:5,4
DA:9,4
DA:14,4
DA:45,4
LF:5
LH:5
BRF:0
BRH:0
end_of_record
TN:
SF:models\index.js
FN:21,(anonymous_0)
FN:29,(anonymous_1)
FN:34,(anonymous_2)
FNF:3
FNH:3
FNDA:48,(anonymous_0)
FNDA:44,(anonymous_1)
FNDA:40,(anonymous_2)
DA:3,4
DA:4,4
DA:5,4
DA:6,4
DA:7,4
DA:8,4
DA:9,4
DA:10,4
DA:13,4
DA:14,0
DA:16,4
DA:19,4
DA:22,48
DA:30,44
DA:31,44
DA:34,4
DA:35,40
DA:36,40
DA:40,4
DA:41,4
DA:43,4
LF:21
LH:20
BRDA:8,0,0,4
BRDA:8,0,1,0
BRDA:13,1,0,0
BRDA:13,1,1,4
BRDA:23,2,0,48
BRDA:23,2,1,48
BRDA:23,2,2,44
BRDA:23,2,3,44
BRDA:35,3,0,40
BRDA:35,3,1,0
BRF:10
BRH:7
end_of_record
TN:
SF:models\kas.js
FN:3,(anonymous_0)
FN:5,(anonymous_1)
FNF:2
FNH:2
FNDA:4,(anonymous_0)
FNDA:4,(anonymous_1)
DA:2,4
DA:3,4
DA:7,4
DA:12,4
DA:42,4
LF:5
LH:5
BRF:0
BRH:0
end_of_record
TN:
SF:models\post.js
FN:3,(anonymous_0)
FN:10,(anonymous_1)
FNF:2
FNH:2
FNDA:4,(anonymous_0)
FNDA:4,(anonymous_1)
DA:2,4
DA:3,4
DA:12,4
DA:16,4
DA:21,4
DA:63,4
LF:6
LH:6
BRF:0
BRH:0
end_of_record
TN:
SF:models\rt.js
FN:3,(anonymous_0)
FN:5,(anonymous_1)
FNF:2
FNH:2
FNDA:4,(anonymous_0)
FNDA:4,(anonymous_1)
DA:2,4
DA:3,4
DA:7,4
DA:10,4
DA:13,4
DA:16,4
DA:19,4
DA:24,4
DA:129,4
LF:9
LH:9
BRF:0
BRH:0
end_of_record
TN:
SF:models\service.js
FN:3,(anonymous_0)
FN:5,(anonymous_1)
FNF:2
FNH:2
FNDA:4,(anonymous_0)
FNDA:4,(anonymous_1)
DA:2,4
DA:3,4
DA:7,4
DA:10,4
DA:13,4
DA:18,4
DA:52,4
LF:7
LH:7
BRF:0
BRH:0
end_of_record
TN:
SF:models\submission.js
FN:3,(anonymous_0)
FN:5,(anonymous_1)
FNF:2
FNH:2
FNDA:4,(anonymous_0)
FNDA:4,(anonymous_1)
DA:2,4
DA:3,4
DA:7,4
DA:11,4
DA:15,4
DA:19,4
DA:24,4
DA:50,4
LF:8
LH:8
BRF:0
BRH:0
end_of_record
TN:
SF:models\user.js
FN:4,(anonymous_0)
FN:6,(anonymous_1)
FN:115,(anonymous_2)
FNF:3
FNH:3
FNDA:4,(anonymous_0)
FNDA:4,(anonymous_1)
FNDA:2,(anonymous_2)
DA:2,4
DA:3,4
DA:4,4
DA:8,4
DA:11,4
DA:14,4
DA:17,4
DA:20,4
DA:23,4
DA:26,4
DA:31,4
DA:115,4
DA:116,2
DA:118,4
LF:14
LH:14
BRF:0
BRH:0
end_of_record
TN:
SF:models\vehicle.js
FN:5,(anonymous_0)
FN:12,(anonymous_1)
FNF:2
FNH:2
FNDA:4,(anonymous_0)
FNDA:4,(anonymous_1)
DA:4,4
DA:5,4
DA:14,4
DA:19,4
DA:41,4
LF:5
LH:5
BRF:0
BRH:0
end_of_record
TN:
SF:routes\admin.js
FNF:0
FNH:0
DA:1,4
DA:2,4
DA:3,4
DA:4,4
DA:7,4
DA:9,4
LF:6
LH:6
BRF:0
BRH:0
end_of_record
TN:
SF:routes\event.js
FNF:0
FNH:0
DA:1,4
DA:2,4
DA:3,4
DA:4,4
DA:6,4
DA:7,4
DA:8,4
DA:9,4
DA:11,4
DA:12,4
DA:13,4
DA:15,4
LF:12
LH:12
BRF:0
BRH:0
end_of_record
TN:
SF:routes\index.js
FNF:0
FNH:0
DA:1,4
DA:2,4
DA:3,4
DA:4,4
DA:5,4
DA:6,4
DA:7,4
DA:9,4
DA:10,4
DA:11,4
DA:12,4
DA:13,4
DA:15,4
LF:13
LH:13
BRF:0
BRH:0
end_of_record
TN:
SF:routes\rt.js
FNF:0
FNH:0
DA:1,4
DA:2,4
DA:3,4
DA:4,4
DA:5,4
DA:6,4
DA:8,4
DA:10,4
DA:11,4
DA:12,4
DA:14,4
DA:15,4
DA:17,4
DA:18,4
DA:19,4
DA:20,4
DA:21,4
DA:22,4
DA:24,4
LF:19
LH:19
BRF:0
BRH:0
end_of_record
TN:
SF:routes\service.js
FNF:0
FNH:0
DA:1,4
DA:2,4
DA:3,4
DA:4,4
DA:5,4
DA:7,4
DA:8,4
DA:9,4
DA:10,4
DA:11,4
DA:12,4
DA:13,4
DA:14,4
DA:15,4
DA:16,4
DA:17,4
DA:18,4
DA:19,4
DA:20,4
DA:23,4
LF:20
LH:20
BRF:0
BRH:0
end_of_record
TN:
SF:routes\warga.js
FN:7,(anonymous_0)
FNF:1
FNH:0
FNDA:0,(anonymous_0)
DA:1,4
DA:2,4
DA:3,4
DA:4,4
DA:5,4
DA:7,4
DA:8,0
DA:18,4
DA:19,4
DA:20,4
DA:23,4
DA:24,4
DA:25,4
DA:28,4
DA:29,4
DA:32,4
DA:33,4
DA:35,4
DA:36,4
DA:37,4
DA:38,4
DA:39,4
DA:40,4
DA:42,4
LF:24
LH:23
BRF:0
BRH:0
end_of_record
